
<!DOCTYPE html>
<html>
<head>
<!--
ExtentReports Library 2.41.0 | http://relevantcodes.com/extentreports-for-selenium/ | https://github.com/anshooarora/
Copyright (c) 2015, Anshoo Arora (Relevant Codes) | Copyrights licensed under the New BSD License | http://opensource.org/licenses/BSD-3-Clause
Documentation: http://extentreports.relevantcodes.com 
-->

<meta charset='UTF-8' /> 
<meta name='description' content='ExtentReports (by Anshoo Arora) is a reporting library for automation testing for .NET and Java. It creates detailed and beautiful HTML reports for modern browsers. ExtentReports shows test and step summary along with dashboards, system and environment details for quick analysis of your tests.' />
<meta name='robots' content='noodp, noydir' />
<meta name='viewport' content='width=device-width, initial-scale=1' />
<meta name='extentx' id='extentx' content='' />

<title>
Test Results
</title>


<link href='https://fonts.googleapis.com/css?family=Source+Sans+Pro:400,600' rel='stylesheet' type='text/css'>
<link href='https://cdn.rawgit.com/anshooarora/extentreports/97fc3fe7f55cba86a4f5b6ff9a2bb80de3e4867c/cdn/extent.css' type='text/css' rel='stylesheet' />

<style>

            
                
            
        
</style>
</head>


<body class='extent standard hide-overflow'>
<!-- nav -->
<nav>
<div class='logo-container'>
<a class='logo-content' href='http://extentreports.relevantcodes.com'>
<span>ExtentReports</span>
</a>
<a href='#' data-activates='slide-out' class='button-collapse hide-on-large-only'><i class='mdi-navigation-apps'></i></a>
</div>
<ul id='slide-out' class='side-nav fixed hide-on-med-and-down'>
<li class='analysis waves-effect active'><a href='#!' class='test-view' onclick="_updateCurrentStage(0)"><i class='mdi-action-dashboard'></i>Test Details</a></li>
<li class='analysis waves-effect'><a href='#!' class='categories-view' onclick="_updateCurrentStage(1)"><i class='mdi-maps-local-offer'></i>Categories</a></li>
<li class='analysis waves-effect'><a href='#!' class='exceptions-view' onclick="_updateCurrentStage(2)"><i class='mdi-action-bug-report'></i>Exceptions</a></li>
<li class='analysis waves-effect'><a href='#!' class='dashboard-view'><i class='mdi-action-track-changes'></i></i>Analysis</a></li>
</ul>
<span class='report-name'>Test Results</span> <span class='report-headline'> - v1.0.0</span>
<ul class='right hide-on-med-and-down nav-right'>
<li class='theme-selector' alt='Click to toggle dark theme. To enable by default, use js configuration $("body").addClass("dark");' title='Click to toggle dark theme. To enable by default, use js configuration $("body").addClass("dark");'>
<i class='mdi-hardware-desktop-windows'></i>
</li>
<li>
<span class='suite-started-time'>14-01-2018 08:26:06</span>
</li>
<li>
<span>v2.41.0</span>
</li>
</ul>
</nav>
<!-- /nav -->

<!-- container -->
<div class='container'>

<!-- dashboard -->
<div id='dashboard-view' class='row'>
<div class='time-totals'>
<div class='col l2 m4 s6'>
<div class='card suite-total-tests'> 
<span class='panel-name'>Total Tests</span> 
<span class='total-tests'> <span class='panel-lead'></span> </span> 
</div> 
</div>
<div class='col l2 m4 s6'>
<div class='card suite-total-steps'> 
<span class='panel-name'>Total Steps</span> 
<span class='total-steps'> <span class='panel-lead'></span> </span> 
</div> 
</div>
<div class='col l2 m4 s12'>
<div class='card suite-total-time-current'> 
<span class='panel-name'>Total Time Taken (Current Run)</span> 
<span class='suite-total-time-current-value panel-lead'>0h 2m 21s+155ms</span> 
</div> 
</div>
<div class='col l2 m4 s12'>
<div class='card suite-total-time-overall'> 
<span class='panel-name'>Total Time Taken (Overall)</span> 
<span class='suite-total-time-overall-value panel-lead'>0h 2m 21s+155ms</span> 
</div> 
</div>
<div class='col l2 m4 s6 suite-start-time'>
<div class='card accent green-accent'> 
<span class='panel-name'>Start</span> 
<span class='panel-lead suite-started-time'>14-01-2018 08:23:45</span> 
</div> 
</div>
<div class='col l2 m4 s6 suite-end-time'>
<div class='card accent pink-accent'> 
<span class='panel-name'>End</span> 
<span class='panel-lead suite-ended-time'>14-01-2018 08:26:06</span> 
</div> 
</div>
</div>
<div class='charts'>
<div class='col s12 m6 l4 fh'> 
<div class='card-panel'> 
<div>
<span class='panel-name'>Tests View</span>
</div> 
<div class='panel-setting modal-trigger test-count-setting right'>
<a href='#test-count-setting'><i class='mdi-navigation-more-vert text-md'></i></a>
</div> 
<div class='chart-box'>
<canvas class='text-centered' id='test-analysis'></canvas>
</div> 
<div>
<span class='weight-light'><span class='t-pass-count weight-normal'></span> test(s) passed</span>
</div> 
<div>
<span class='weight-light'><span class='t-fail-count weight-normal'></span> test(s) failed, <span class='t-others-count weight-normal'></span> others</span>
</div> 
</div> 
</div> 
<div class='col s12 m6 l4 fh'> 
<div class='card-panel'> 
<div>
<span class='panel-name'>Steps View</span>
</div> 
<div class='panel-setting modal-trigger step-status-filter right'>
<a href='#step-status-filter'><i class='mdi-navigation-more-vert text-md'></i></a>
</div> 
<div class='chart-box'>
<canvas class='text-centered' id='step-analysis'></canvas>
</div> 
<div>
<span class='weight-light'><span class='s-pass-count weight-normal'></span> step(s) passed </span>
</div> 
<div>
<span class='weight-light'><span class='s-fail-count weight-normal'></span> step(s) failed, <span class='s-others-count weight-normal'></span> others</span>
</div> 
</div> 
</div>
<div class='col s12 m12 l4 fh'> 
<div class='card-panel'> 
<span class='panel-name'>Pass Percentage</span> 
<span class='pass-percentage panel-lead'></span> 
<div class='progress light-blue lighten-3'> 
<div class='determinate light-blue'></div> 
</div> 
</div> 
</div>
</div>
<div class='system-view'>
<div class='col l4 m12 s12'>
<div class='card-panel'>
<span class='label info outline right'>Environment</span>
<table>
<thead>
<tr>
<th>Param</th>
<th>Value</th>
</tr>
</thead>
<tbody>
<tr>
<td>User Name</td>
<td>pravi</td>
</tr>
<tr>
<td>OS</td>
<td>Windows 10</td>
</tr>
<tr>
<td>Java Version</td>
<td>1.8.0_152</td>
</tr>
<tr>
<td>Host Name</td>
<td>Pravin-PC</td>
</tr>
<tr>
<td>os</td>
<td>Windows</td>
</tr>
<tr>
<td>Selenium Version</td>
<td>2.53.1</td>
</tr>
</tbody>
</table>
</div>
</div>
</div>
<div class='category-summary-view'>
<div class='col l4 m6 s12'>
<div class='card-panel'>
<span class='label info outline right'>Categories</span>
<table>
<thead>
<tr>
<th>Name</th>
</tr>
</thead>
<tbody>
<tr>
<td>
@InvalidTest
</td>
</tr>
<tr>
<td>
@SmokeTest
</td>
</tr>
<tr>
<td>
@ValidTest
</td>
</tr>
</tbody>
</table>
</div>
</div>
</div>
</div>
<!-- /dashboard -->

<!-- tests -->
<div id='test-view' class='row _addedTable'>
<div class='col _addedCell1'>
<div class='contents'>
<div class='card-panel heading'>
<h5>Tests</h5>
</div>
<div class='card-panel filters'>
<div>
<a data-activates='tests-toggle' data-constrainwidth='true' data-beloworigin='true' data-hover='true' href='#' class='dropdown-button button tests-toggle'><i class='mdi-action-subject icon'></i></a>
<ul id='tests-toggle' class='dropdown-content'>
<li class='pass'><a href='#!'>Pass</a></li>
<li class='fail'><a href='#!'>Fail</a></li>
<li class='skip'><a href='#!'>Skip</a></li>
<li class='divider'></li>
<li class='clear'><a href='#!'>Clear Filters</a></li>
</ul>
</div>
<div>
<a data-activates='category-toggle' data-constrainwidth='false' data-beloworigin='true' data-hover='true' href='#' class='category-toggle dropdown-button button'><i class='mdi-maps-local-offer icon'></i></a>
<ul id='category-toggle' class='dropdown-content'>
<li class='@InvalidTest'><a href='#!'>@InvalidTest</a></li>
<li class='@SmokeTest'><a href='#!'>@SmokeTest</a></li>
<li class='@ValidTest'><a href='#!'>@ValidTest</a></li>
<li class='divider'></li>
<li class='clear'><a href='#!'>Clear Filters</a></li>
</ul>
</div>
<div>
<a id='clear-filters' alt='Clear Filters' title='Clear Filters'><i class='mdi-navigation-close icon'></i></a>
</div>
<div>&nbsp;&middot;&nbsp;</div>
<div>
<a id='enableDashboard' alt='Enable Dashboard' title='Enable Dashboard'><i class='mdi-action-track-changes icon'></i></a>
</div>
<div>
<a id='refreshCharts' alt='Refresh Charts on Filters' title='Refresh Charts on Filters' class='enabled'><i class='mdi-navigation-refresh icon'></i></i></a>
</div>
<div>&nbsp;&middot;</div>
<div class='search' alt='Search Tests' title='Search Tests'>
<div class='input-field left'>
<input id='searchTests' type='text' class='validate' placeholder='Search Tests...'>
</div>
<i class='mdi-action-search icon'></i>
</div>
</div>
<div class='card-panel no-padding-h no-padding-v no-margin-v'>
<div class='wrapper'>
<ul id='test-collection' class='test-collection'>
<li class='collection-item test displayed active fail hasChildren' extentid='12e8c88b-9bee-46e9-ad0d-cf17f7f806b2'>
<div class='test-head'>
<span class='test-name'>Feature: InvalidLogin </span>
<span class='test-status label right outline capitalize fail'>fail</span>
<span class='category-assigned hide  @smoketest @invalidtest'></span>
</div>
<div class='test-body'>
<div class='test-info'>
<span title='Test started time' alt='Test started time' class='test-started-time label green lighten-1 text-white'>14-01-2018 08:23:45</span>
<span title='Test ended time' alt='Test ended time' class='test-ended-time label red lighten-1 text-white'>14-01-2018 08:25:19</span>
<span title='Time taken to finish' alt='Time taken to finish' class='test-time-taken label blue-grey lighten-3 text-white'>0h 1m 33s+810ms</span>
</div>
<div class='test-desc'></div>
<div class='test-attributes'>
<div class='categories'>
<span class='category text-white'>@SmokeTest</span>
<span class='category text-white'>@InvalidTest</span>
</div>
</div>
<div class='test-steps'>
<table class='bordered table-results'>
<thead>
<tr>
<th>Status</th>
<th>Timestamp</th>
<th>Details</th>
</tr>
</thead>
<tbody>
</tbody>
</table>
<ul class='collapsible node-list' data-collapsible='accordion'>
<li class='displayed fail node-1x'>
<div class='collapsible-header test-node fail'>
<div class='right test-info'>
<span title='Test started time' alt='Test started time' class='test-started-time label green lighten-2 text-white'>14-01-2018 08:23:45</span>
<span title='Test ended time' alt='Test ended time' class='test-ended-time label red lighten-2 text-white'>14-01-2018 08:24:33</span>
<span title='Time taken to finish' alt='Time taken to finish' class='test-time-taken label blue-grey lighten-2 text-white'>0h 0m 48s+122ms</span>
<span class='test-status label outline capitalize fail'>fail</span>
</div>
<div class='test-node-name'>Scenario:</div>
<div class='test-node-desc'></div>
</div>
<div class='collapsible-body'>
<div class='test-steps'>
<table class='bordered table-results'>
<thead>
<tr>
<th>Status</th>
<th>Timestamp</th>
<th>StepName</th>
<th>Details</th>
</tr>
</thead>
<tbody>
<tr>
<td class='status fail' title='fail' alt='fail'><i class='mdi-navigation-cancel'></i></td>
<td class='timestamp'>08:24:33</td>
<td class='step-name'>Given I go to URL on the Browser</td>
<td class='step-details'><pre>org.openqa.selenium.WebDriverException: Failed to connect to binary FirefoxBinary(C:\Program Files\Mozilla Firefox\firefox.exe) on port 7055; process output follows: 
":"Mozilla","homepageURL":null,"contributors":["Mozilla Contributors"]},"visible":true,"active":true,"userDisabled":false,"appDisabled":false,"descriptor":"C:\\Program Files\\Mozilla Firefox\\browser\\extensions\\{972ce4c6-7e08-4474-a285-3208198ce6fd}.xpi","installDate":1477964945828,"updateDate":1477964945828,"applyBackgroundUpdates":1,"skinnable":true,"size":22012,"sourceURI":null,"releaseNotesURI":null,"softDisabled":false,"foreignInstall":false,"hasBinaryComponents":false,"strictCompatibility":true,"locales":[],"targetApplications":[{"id":"{ec8030f7-c20a-464f-9b0e-13a3a9e97384}","minVersion":"47.0.2","maxVersion":"47.0.2"}],"targetPlatforms":[],"seen":true}
1515918229486	addons.xpi	DEBUG	getModTime: Recursive scan of {972ce4c6-7e08-4474-a285-3208198ce6fd}
1515918229488	DeferredSave.extensions.json	DEBUG	Save changes
1515918229488	addons.xpi	DEBUG	Updating database with changes to installed add-ons
1515918229488	addons.xpi-utils	DEBUG	Updating add-on states
1515918229489	addons.xpi-utils	DEBUG	Writing add-ons list
1515918229493	addons.xpi	DEBUG	Registering manifest for C:\Program Files\Mozilla Firefox\browser\features\e10srollout@mozilla.org.xpi
1515918229493	addons.xpi	DEBUG	Calling bootstrap method startup on e10srollout@mozilla.org version 1.0
1515918229494	addons.xpi	DEBUG	Registering manifest for C:\Program Files\Mozilla Firefox\browser\features\firefox@getpocket.com.xpi
1515918229495	addons.xpi	DEBUG	Calling bootstrap method startup on firefox@getpocket.com version 1.0.2
1515918229496	addons.xpi	DEBUG	Registering manifest for C:\Program Files\Mozilla Firefox\browser\features\loop@mozilla.org.xpi
1515918229498	addons.xpi	DEBUG	Calling bootstrap method startup on loop@mozilla.org version 1.3.2
1515918229523	addons.xpi	DEBUG	Registering manifest for C:\Program Files\Mozilla Firefox\browser\features\websensehelper@mozilla.org.xpi
1515918229524	addons.xpi	DEBUG	Calling bootstrap method startup on websensehelper@mozilla.org version 1.0
1515918229528	addons.manager	DEBUG	Registering shutdown blocker for XPIProvider
1515918229528	addons.manager	DEBUG	Provider finished startup: XPIProvider
1515918229528	addons.manager	DEBUG	Starting provider: LightweightThemeManager
1515918229529	addons.manager	DEBUG	Registering shutdown blocker for LightweightThemeManager
1515918229529	addons.manager	DEBUG	Provider finished startup: LightweightThemeManager
1515918229530	addons.manager	DEBUG	Starting provider: GMPProvider
1515918229546	addons.manager	DEBUG	Registering shutdown blocker for GMPProvider
1515918229547	addons.manager	DEBUG	Provider finished startup: GMPProvider
1515918229547	addons.manager	DEBUG	Starting provider: PluginProvider
1515918229547	addons.manager	DEBUG	Registering shutdown blocker for PluginProvider
1515918229548	addons.manager	DEBUG	Provider finished startup: PluginProvider
1515918229549	addons.manager	DEBUG	Completed startup sequence
1515918230085	addons.manager	DEBUG	Starting provider: <unnamed-provider>
1515918230085	addons.manager	DEBUG	Registering shutdown blocker for <unnamed-provider>
1515918230085	addons.manager	DEBUG	Provider finished startup: <unnamed-provider>
1515918230615	DeferredSave.extensions.json	DEBUG	Write succeeded
1515918230616	addons.xpi-utils	DEBUG	XPI Database saved, setting schema version preference to 17
1515918230616	DeferredSave.extensions.json	DEBUG	Starting timer
1515918230641	DeferredSave.extensions.json	DEBUG	Starting write
1515918230662	addons.repository	DEBUG	No addons.json found.
1515918230663	DeferredSave.addons.json	DEBUG	Save changes
1515918230667	DeferredSave.addons.json	DEBUG	Starting timer
1515918230707	addons.manager	DEBUG	Starting provider: PreviousExperimentProvider
1515918230708	addons.manager	DEBUG	Registering shutdown blocker for PreviousExperimentProvider
1515918230708	addons.manager	DEBUG	Provider finished startup: PreviousExperimentProvider
1515918230735	DeferredSave.addons.json	DEBUG	Starting write
1515918230758	DeferredSave.extensions.json	DEBUG	Write succeeded
1515918230883	DeferredSave.addons.json	DEBUG	Write succeeded

Build info: version: '2.52.0', revision: '4c2593cfc3689a7fcd7be52549167e5ccc93ad28', time: '2016-02-11 11:22:43'
System info: host: 'Pravin-PC', ip: '192.168.1.121', os.name: 'Windows 10', os.arch: 'amd64', os.version: '10.0', java.version: '1.8.0_152'
Driver info: driver.version: Driver
	at org.openqa.selenium.firefox.internal.NewProfileExtensionConnection.start(NewProfileExtensionConnection.java:125)
	at org.openqa.selenium.firefox.FirefoxDriver.startClient(FirefoxDriver.java:271)
	at org.openqa.selenium.remote.RemoteWebDriver.<init>(RemoteWebDriver.java:119)
	at org.openqa.selenium.firefox.FirefoxDriver.<init>(FirefoxDriver.java:216)
	at org.openqa.selenium.firefox.FirefoxDriver.<init>(FirefoxDriver.java:211)
	at org.openqa.selenium.firefox.FirefoxDriver.<init>(FirefoxDriver.java:128)
	at com.face.bdd.baseclass.Driver.initialiseDriver(Driver.java:49)
	at com.face.bdd.baseclass.Driver.OpenURL(Driver.java:106)
	at com.face.bdd.stepdefinitions.InvalidLogin.I_go_to_URL_on_the_Browser(InvalidLogin.java:23)
	at ?.Given I go to URL on the Browser(com/face/bdd/InvLogin.feature:7)
Caused by: org.openqa.selenium.firefox.NotConnectedException: Unable to connect to host 127.0.0.1 on port 7055 after 45000 ms. Firefox console output:
":"Mozilla","homepageURL":null,"contributors":["Mozilla Contributors"]},"visible":true,"active":true,"userDisabled":false,"appDisabled":false,"descriptor":"C:\\Program Files\\Mozilla Firefox\\browser\\extensions\\{972ce4c6-7e08-4474-a285-3208198ce6fd}.xpi","installDate":1477964945828,"updateDate":1477964945828,"applyBackgroundUpdates":1,"skinnable":true,"size":22012,"sourceURI":null,"releaseNotesURI":null,"softDisabled":false,"foreignInstall":false,"hasBinaryComponents":false,"strictCompatibility":true,"locales":[],"targetApplications":[{"id":"{ec8030f7-c20a-464f-9b0e-13a3a9e97384}","minVersion":"47.0.2","maxVersion":"47.0.2"}],"targetPlatforms":[],"seen":true}
1515918229486	addons.xpi	DEBUG	getModTime: Recursive scan of {972ce4c6-7e08-4474-a285-3208198ce6fd}
1515918229488	DeferredSave.extensions.json	DEBUG	Save changes
1515918229488	addons.xpi	DEBUG	Updating database with changes to installed add-ons
1515918229488	addons.xpi-utils	DEBUG	Updating add-on states
1515918229489	addons.xpi-utils	DEBUG	Writing add-ons list
1515918229493	addons.xpi	DEBUG	Registering manifest for C:\Program Files\Mozilla Firefox\browser\features\e10srollout@mozilla.org.xpi
1515918229493	addons.xpi	DEBUG	Calling bootstrap method startup on e10srollout@mozilla.org version 1.0
1515918229494	addons.xpi	DEBUG	Registering manifest for C:\Program Files\Mozilla Firefox\browser\features\firefox@getpocket.com.xpi
1515918229495	addons.xpi	DEBUG	Calling bootstrap method startup on firefox@getpocket.com version 1.0.2
1515918229496	addons.xpi	DEBUG	Registering manifest for C:\Program Files\Mozilla Firefox\browser\features\loop@mozilla.org.xpi
1515918229498	addons.xpi	DEBUG	Calling bootstrap method startup on loop@mozilla.org version 1.3.2
1515918229523	addons.xpi	DEBUG	Registering manifest for C:\Program Files\Mozilla Firefox\browser\features\websensehelper@mozilla.org.xpi
1515918229524	addons.xpi	DEBUG	Calling bootstrap method startup on websensehelper@mozilla.org version 1.0
1515918229528	addons.manager	DEBUG	Registering shutdown blocker for XPIProvider
1515918229528	addons.manager	DEBUG	Provider finished startup: XPIProvider
1515918229528	addons.manager	DEBUG	Starting provider: LightweightThemeManager
1515918229529	addons.manager	DEBUG	Registering shutdown blocker for LightweightThemeManager
1515918229529	addons.manager	DEBUG	Provider finished startup: LightweightThemeManager
1515918229530	addons.manager	DEBUG	Starting provider: GMPProvider
1515918229546	addons.manager	DEBUG	Registering shutdown blocker for GMPProvider
1515918229547	addons.manager	DEBUG	Provider finished startup: GMPProvider
1515918229547	addons.manager	DEBUG	Starting provider: PluginProvider
1515918229547	addons.manager	DEBUG	Registering shutdown blocker for PluginProvider
1515918229548	addons.manager	DEBUG	Provider finished startup: PluginProvider
1515918229549	addons.manager	DEBUG	Completed startup sequence
1515918230085	addons.manager	DEBUG	Starting provider: <unnamed-provider>
1515918230085	addons.manager	DEBUG	Registering shutdown blocker for <unnamed-provider>
1515918230085	addons.manager	DEBUG	Provider finished startup: <unnamed-provider>
1515918230615	DeferredSave.extensions.json	DEBUG	Write succeeded
1515918230616	addons.xpi-utils	DEBUG	XPI Database saved, setting schema version preference to 17
1515918230616	DeferredSave.extensions.json	DEBUG	Starting timer
1515918230641	DeferredSave.extensions.json	DEBUG	Starting write
1515918230662	addons.repository	DEBUG	No addons.json found.
1515918230663	DeferredSave.addons.json	DEBUG	Save changes
1515918230667	DeferredSave.addons.json	DEBUG	Starting timer
1515918230707	addons.manager	DEBUG	Starting provider: PreviousExperimentProvider
1515918230708	addons.manager	DEBUG	Registering shutdown blocker for PreviousExperimentProvider
1515918230708	addons.manager	DEBUG	Provider finished startup: PreviousExperimentProvider
1515918230735	DeferredSave.addons.json	DEBUG	Starting write
1515918230758	DeferredSave.extensions.json	DEBUG	Write succeeded
1515918230883	DeferredSave.addons.json	DEBUG	Write succeeded

	at org.openqa.selenium.firefox.internal.NewProfileExtensionConnection.start(NewProfileExtensionConnection.java:113)
	at org.openqa.selenium.firefox.FirefoxDriver.startClient(FirefoxDriver.java:271)
	at org.openqa.selenium.remote.RemoteWebDriver.<init>(RemoteWebDriver.java:119)
	at org.openqa.selenium.firefox.FirefoxDriver.<init>(FirefoxDriver.java:216)
	at org.openqa.selenium.firefox.FirefoxDriver.<init>(FirefoxDriver.java:211)
	at org.openqa.selenium.firefox.FirefoxDriver.<init>(FirefoxDriver.java:128)
	at com.face.bdd.baseclass.Driver.initialiseDriver(Driver.java:49)
	at com.face.bdd.baseclass.Driver.OpenURL(Driver.java:106)
	at com.face.bdd.stepdefinitions.InvalidLogin.I_go_to_URL_on_the_Browser(InvalidLogin.java:23)
	at sun.reflect.NativeMethodAccessorImpl.invoke0(Native Method)
	at sun.reflect.NativeMethodAccessorImpl.invoke(NativeMethodAccessorImpl.java:62)
	at sun.reflect.DelegatingMethodAccessorImpl.invoke(DelegatingMethodAccessorImpl.java:43)
	at java.lang.reflect.Method.invoke(Method.java:498)
	at cucumber.runtime.Utils$1.call(Utils.java:40)
	at cucumber.runtime.Timeout.timeout(Timeout.java:16)
	at cucumber.runtime.Utils.invoke(Utils.java:34)
	at cucumber.runtime.java.JavaStepDefinition.execute(JavaStepDefinition.java:38)
	at cucumber.runtime.StepDefinitionMatch.runStep(StepDefinitionMatch.java:37)
	at cucumber.runtime.Runtime.runStep(Runtime.java:300)
	at cucumber.runtime.model.StepContainer.runStep(StepContainer.java:44)
	at cucumber.runtime.model.StepContainer.runSteps(StepContainer.java:39)
	at cucumber.runtime.model.CucumberScenario.runBackground(CucumberScenario.java:59)
	at cucumber.runtime.model.CucumberScenario.run(CucumberScenario.java:42)
	at cucumber.runtime.junit.ExecutionUnitRunner.run(ExecutionUnitRunner.java:102)
	at org.junit.runners.Suite.runChild(Suite.java:127)
	at org.junit.runners.Suite.runChild(Suite.java:26)
	at org.junit.runners.ParentRunner$3.run(ParentRunner.java:238)
	at org.junit.runners.ParentRunner$1.schedule(ParentRunner.java:63)
	at org.junit.runners.ParentRunner.runChildren(ParentRunner.java:236)
	at org.junit.runners.ParentRunner.access$000(ParentRunner.java:53)
	at org.junit.runners.ParentRunner$2.evaluate(ParentRunner.java:229)
	at org.junit.runners.ParentRunner.run(ParentRunner.java:309)
	at cucumber.runtime.junit.ExamplesRunner.run(ExamplesRunner.java:59)
	at org.junit.runners.Suite.runChild(Suite.java:127)
	at org.junit.runners.Suite.runChild(Suite.java:26)
	at org.junit.runners.ParentRunner$3.run(ParentRunner.java:238)
	at org.junit.runners.ParentRunner$1.schedule(ParentRunner.java:63)
	at org.junit.runners.ParentRunner.runChildren(ParentRunner.java:236)
	at org.junit.runners.ParentRunner.access$000(ParentRunner.java:53)
	at org.junit.runners.ParentRunner$2.evaluate(ParentRunner.java:229)
	at org.junit.runners.ParentRunner.run(ParentRunner.java:309)
	at cucumber.runtime.junit.ScenarioOutlineRunner.run(ScenarioOutlineRunner.java:53)
	at cucumber.runtime.junit.FeatureRunner.runChild(FeatureRunner.java:63)
	at cucumber.runtime.junit.FeatureRunner.runChild(FeatureRunner.java:18)
	at org.junit.runners.ParentRunner$3.run(ParentRunner.java:238)
	at org.junit.runners.ParentRunner$1.schedule(ParentRunner.java:63)
	at org.junit.runners.ParentRunner.runChildren(ParentRunner.java:236)
	at org.junit.runners.ParentRunner.access$000(ParentRunner.java:53)
	at org.junit.runners.ParentRunner$2.evaluate(ParentRunner.java:229)
	at org.junit.runners.ParentRunner.run(ParentRunner.java:309)
	at cucumber.runtime.junit.FeatureRunner.run(FeatureRunner.java:70)
	at cucumber.api.junit.Cucumber.runChild(Cucumber.java:95)
	at cucumber.api.junit.Cucumber.runChild(Cucumber.java:38)
	at org.junit.runners.ParentRunner$3.run(ParentRunner.java:238)
	at org.apache.maven.surefire.junitcore.pc.Scheduler$1.run(Scheduler.java:410)
	at org.apache.maven.surefire.junitcore.pc.InvokerStrategy.schedule(InvokerStrategy.java:54)
	at org.apache.maven.surefire.junitcore.pc.Scheduler.schedule(Scheduler.java:367)
	at org.junit.runners.ParentRunner.runChildren(ParentRunner.java:236)
	at org.junit.runners.ParentRunner.access$000(ParentRunner.java:53)
	at org.junit.runners.ParentRunner$2.evaluate(ParentRunner.java:229)
	at org.junit.internal.runners.statements.RunBefores.evaluate(RunBefores.java:26)
	at org.junit.runners.ParentRunner.run(ParentRunner.java:309)
	at cucumber.api.junit.Cucumber.run(Cucumber.java:100)
	at org.junit.runners.Suite.runChild(Suite.java:127)
	at org.junit.runners.Suite.runChild(Suite.java:26)
	at org.junit.runners.ParentRunner$3.run(ParentRunner.java:238)
	at org.apache.maven.surefire.junitcore.pc.Scheduler$1.run(Scheduler.java:410)
	at java.util.concurrent.Executors$RunnableAdapter.call(Executors.java:511)
	at java.util.concurrent.FutureTask.run(FutureTask.java:266)
	at java.util.concurrent.ThreadPoolExecutor.runWorker(ThreadPoolExecutor.java:1149)
	at java.util.concurrent.ThreadPoolExecutor$Worker.run(ThreadPoolExecutor.java:624)
	at java.lang.Thread.run(Thread.java:748)
</pre></td>
</tr>
<tr>
<td class='status skip' title='skip' alt='skip'><i class='mdi-content-redo'></i></td>
<td class='timestamp'>08:24:33</td>
<td class='step-name'>When I enter user as "Hello"</td>
<td class='step-details'>SKIPPED</td>
</tr>
<tr>
<td class='status skip' title='skip' alt='skip'><i class='mdi-content-redo'></i></td>
<td class='timestamp'>08:24:33</td>
<td class='step-name'>And I enter pass as "World"</td>
<td class='step-details'>SKIPPED</td>
</tr>
<tr>
<td class='status skip' title='skip' alt='skip'><i class='mdi-content-redo'></i></td>
<td class='timestamp'>08:24:33</td>
<td class='step-name'>And I click on the Login Button</td>
<td class='step-details'>SKIPPED</td>
</tr>
<tr>
<td class='status skip' title='skip' alt='skip'><i class='mdi-content-redo'></i></td>
<td class='timestamp'>08:24:33</td>
<td class='step-name'>Then I should not login on the Webpage</td>
<td class='step-details'>SKIPPED</td>
</tr>
</tbody>
</table>
</div>
</div>
</li>
<li class='displayed fail node-1x'>
<div class='collapsible-header test-node fail'>
<div class='right test-info'>
<span title='Test started time' alt='Test started time' class='test-started-time label green lighten-2 text-white'>14-01-2018 08:24:33</span>
<span title='Test ended time' alt='Test ended time' class='test-ended-time label red lighten-2 text-white'>14-01-2018 08:25:19</span>
<span title='Time taken to finish' alt='Time taken to finish' class='test-time-taken label blue-grey lighten-2 text-white'>0h 0m 45s+675ms</span>
<span class='test-status label outline capitalize fail'>fail</span>
</div>
<div class='test-node-name'>Scenario:</div>
<div class='test-node-desc'></div>
</div>
<div class='collapsible-body'>
<div class='test-steps'>
<table class='bordered table-results'>
<thead>
<tr>
<th>Status</th>
<th>Timestamp</th>
<th>StepName</th>
<th>Details</th>
</tr>
</thead>
<tbody>
<tr>
<td class='status fail' title='fail' alt='fail'><i class='mdi-navigation-cancel'></i></td>
<td class='timestamp'>08:25:19</td>
<td class='step-name'>Given I go to URL on the Browser</td>
<td class='step-details'><pre>org.openqa.selenium.WebDriverException: Failed to connect to binary FirefoxBinary(C:\Program Files\Mozilla Firefox\firefox.exe) on port 7055; process output follows: 
8275006	addons.xpi	DEBUG	Calling bootstrap method startup on e10srollout@mozilla.org version 1.0
1515918275006	addons.xpi	DEBUG	Registering manifest for C:\Program Files\Mozilla Firefox\browser\features\firefox@getpocket.com.xpi
1515918275007	addons.xpi	DEBUG	Calling bootstrap method startup on firefox@getpocket.com version 1.0.2
1515918275009	addons.xpi	DEBUG	Registering manifest for C:\Program Files\Mozilla Firefox\browser\features\loop@mozilla.org.xpi
1515918275010	addons.xpi	DEBUG	Calling bootstrap method startup on loop@mozilla.org version 1.3.2
1515918275034	addons.xpi	DEBUG	Registering manifest for C:\Program Files\Mozilla Firefox\browser\features\websensehelper@mozilla.org.xpi
1515918275035	addons.xpi	DEBUG	Calling bootstrap method startup on websensehelper@mozilla.org version 1.0
1515918275039	addons.manager	DEBUG	Registering shutdown blocker for XPIProvider
1515918275040	addons.manager	DEBUG	Provider finished startup: XPIProvider
1515918275040	addons.manager	DEBUG	Starting provider: LightweightThemeManager
1515918275040	addons.manager	DEBUG	Registering shutdown blocker for LightweightThemeManager
1515918275040	addons.manager	DEBUG	Provider finished startup: LightweightThemeManager
1515918275040	addons.manager	DEBUG	Starting provider: GMPProvider
1515918275057	addons.manager	DEBUG	Registering shutdown blocker for GMPProvider
1515918275057	addons.manager	DEBUG	Provider finished startup: GMPProvider
1515918275057	addons.manager	DEBUG	Starting provider: PluginProvider
1515918275058	addons.manager	DEBUG	Registering shutdown blocker for PluginProvider
1515918275058	addons.manager	DEBUG	Provider finished startup: PluginProvider
1515918275059	addons.manager	DEBUG	Completed startup sequence
1515918275578	addons.manager	DEBUG	Starting provider: <unnamed-provider>
1515918275578	addons.manager	DEBUG	Registering shutdown blocker for <unnamed-provider>
1515918275578	addons.manager	DEBUG	Provider finished startup: <unnamed-provider>
1515918276189	DeferredSave.extensions.json	DEBUG	Write succeeded
1515918276191	addons.xpi-utils	DEBUG	XPI Database saved, setting schema version preference to 17
1515918276191	DeferredSave.extensions.json	DEBUG	Starting timer
1515918276213	DeferredSave.extensions.json	DEBUG	Starting write
1515918276250	addons.repository	DEBUG	No addons.json found.
1515918276251	DeferredSave.addons.json	DEBUG	Save changes
1515918276255	DeferredSave.addons.json	DEBUG	Starting timer
1515918276294	addons.manager	DEBUG	Starting provider: PreviousExperimentProvider
1515918276294	addons.manager	DEBUG	Registering shutdown blocker for PreviousExperimentProvider
1515918276294	addons.manager	DEBUG	Provider finished startup: PreviousExperimentProvider
1515918276306	DeferredSave.addons.json	DEBUG	Starting write
1515918276312	DeferredSave.extensions.json	DEBUG	Write succeeded
1515918276345	DeferredSave.addons.json	DEBUG	Write succeeded
1515918281177	addons.xpi	DEBUG	Calling bootstrap method shutdown on e10srollout@mozilla.org version 1.0
1515918281178	addons.xpi	DEBUG	Calling bootstrap method shutdown on firefox@getpocket.com version 1.0.2
1515918281180	addons.xpi	DEBUG	Calling bootstrap method shutdown on loop@mozilla.org version 1.3.2
1515918281183	addons.xpi	DEBUG	Calling bootstrap method shutdown on websensehelper@mozilla.org version 1.0
1515918281517	addons.manager	DEBUG	shutdown
1515918281518	addons.manager	DEBUG	Calling shutdown blocker for XPIProvider
1515918281518	addons.xpi	DEBUG	shutdown
1515918281519	addons.xpi-utils	DEBUG	shutdown
1515918281521	addons.manager	DEBUG	Calling shutdown blocker for LightweightThemeManager
1515918281522	addons.manager	DEBUG	Calling shutdown blocker for GMPProvider
1515918281524	addons.manager	DEBUG	Calling shutdown blocker for PluginProvider
1515918281525	addons.manager	DEBUG	Calling shutdown blocker for <unnamed-provider>
1515918281529	addons.manager	DEBUG	Calling shutdown blocker for PreviousExperimentProvider
1515918281534	addons.xpi	DEBUG	Notifying XPI shutdown observers
1515918281539	addons.manager	DEBUG	Async provider shutdown done

Build info: version: '2.52.0', revision: '4c2593cfc3689a7fcd7be52549167e5ccc93ad28', time: '2016-02-11 11:22:43'
System info: host: 'Pravin-PC', ip: '192.168.1.121', os.name: 'Windows 10', os.arch: 'amd64', os.version: '10.0', java.version: '1.8.0_152'
Driver info: driver.version: Driver
	at org.openqa.selenium.firefox.internal.NewProfileExtensionConnection.start(NewProfileExtensionConnection.java:125)
	at org.openqa.selenium.firefox.FirefoxDriver.startClient(FirefoxDriver.java:271)
	at org.openqa.selenium.remote.RemoteWebDriver.<init>(RemoteWebDriver.java:119)
	at org.openqa.selenium.firefox.FirefoxDriver.<init>(FirefoxDriver.java:216)
	at org.openqa.selenium.firefox.FirefoxDriver.<init>(FirefoxDriver.java:211)
	at org.openqa.selenium.firefox.FirefoxDriver.<init>(FirefoxDriver.java:128)
	at com.face.bdd.baseclass.Driver.initialiseDriver(Driver.java:49)
	at com.face.bdd.baseclass.Driver.OpenURL(Driver.java:106)
	at com.face.bdd.stepdefinitions.InvalidLogin.I_go_to_URL_on_the_Browser(InvalidLogin.java:23)
	at ?.Given I go to URL on the Browser(com/face/bdd/InvLogin.feature:7)
Caused by: org.openqa.selenium.firefox.NotConnectedException: Unable to connect to host 127.0.0.1 on port 7055 after 45000 ms. Firefox console output:
8275006	addons.xpi	DEBUG	Calling bootstrap method startup on e10srollout@mozilla.org version 1.0
1515918275006	addons.xpi	DEBUG	Registering manifest for C:\Program Files\Mozilla Firefox\browser\features\firefox@getpocket.com.xpi
1515918275007	addons.xpi	DEBUG	Calling bootstrap method startup on firefox@getpocket.com version 1.0.2
1515918275009	addons.xpi	DEBUG	Registering manifest for C:\Program Files\Mozilla Firefox\browser\features\loop@mozilla.org.xpi
1515918275010	addons.xpi	DEBUG	Calling bootstrap method startup on loop@mozilla.org version 1.3.2
1515918275034	addons.xpi	DEBUG	Registering manifest for C:\Program Files\Mozilla Firefox\browser\features\websensehelper@mozilla.org.xpi
1515918275035	addons.xpi	DEBUG	Calling bootstrap method startup on websensehelper@mozilla.org version 1.0
1515918275039	addons.manager	DEBUG	Registering shutdown blocker for XPIProvider
1515918275040	addons.manager	DEBUG	Provider finished startup: XPIProvider
1515918275040	addons.manager	DEBUG	Starting provider: LightweightThemeManager
1515918275040	addons.manager	DEBUG	Registering shutdown blocker for LightweightThemeManager
1515918275040	addons.manager	DEBUG	Provider finished startup: LightweightThemeManager
1515918275040	addons.manager	DEBUG	Starting provider: GMPProvider
1515918275057	addons.manager	DEBUG	Registering shutdown blocker for GMPProvider
1515918275057	addons.manager	DEBUG	Provider finished startup: GMPProvider
1515918275057	addons.manager	DEBUG	Starting provider: PluginProvider
1515918275058	addons.manager	DEBUG	Registering shutdown blocker for PluginProvider
1515918275058	addons.manager	DEBUG	Provider finished startup: PluginProvider
1515918275059	addons.manager	DEBUG	Completed startup sequence
1515918275578	addons.manager	DEBUG	Starting provider: <unnamed-provider>
1515918275578	addons.manager	DEBUG	Registering shutdown blocker for <unnamed-provider>
1515918275578	addons.manager	DEBUG	Provider finished startup: <unnamed-provider>
1515918276189	DeferredSave.extensions.json	DEBUG	Write succeeded
1515918276191	addons.xpi-utils	DEBUG	XPI Database saved, setting schema version preference to 17
1515918276191	DeferredSave.extensions.json	DEBUG	Starting timer
1515918276213	DeferredSave.extensions.json	DEBUG	Starting write
1515918276250	addons.repository	DEBUG	No addons.json found.
1515918276251	DeferredSave.addons.json	DEBUG	Save changes
1515918276255	DeferredSave.addons.json	DEBUG	Starting timer
1515918276294	addons.manager	DEBUG	Starting provider: PreviousExperimentProvider
1515918276294	addons.manager	DEBUG	Registering shutdown blocker for PreviousExperimentProvider
1515918276294	addons.manager	DEBUG	Provider finished startup: PreviousExperimentProvider
1515918276306	DeferredSave.addons.json	DEBUG	Starting write
1515918276312	DeferredSave.extensions.json	DEBUG	Write succeeded
1515918276345	DeferredSave.addons.json	DEBUG	Write succeeded
1515918281177	addons.xpi	DEBUG	Calling bootstrap method shutdown on e10srollout@mozilla.org version 1.0
1515918281178	addons.xpi	DEBUG	Calling bootstrap method shutdown on firefox@getpocket.com version 1.0.2
1515918281180	addons.xpi	DEBUG	Calling bootstrap method shutdown on loop@mozilla.org version 1.3.2
1515918281183	addons.xpi	DEBUG	Calling bootstrap method shutdown on websensehelper@mozilla.org version 1.0
1515918281517	addons.manager	DEBUG	shutdown
1515918281518	addons.manager	DEBUG	Calling shutdown blocker for XPIProvider
1515918281518	addons.xpi	DEBUG	shutdown
1515918281519	addons.xpi-utils	DEBUG	shutdown
1515918281521	addons.manager	DEBUG	Calling shutdown blocker for LightweightThemeManager
1515918281522	addons.manager	DEBUG	Calling shutdown blocker for GMPProvider
1515918281524	addons.manager	DEBUG	Calling shutdown blocker for PluginProvider
1515918281525	addons.manager	DEBUG	Calling shutdown blocker for <unnamed-provider>
1515918281529	addons.manager	DEBUG	Calling shutdown blocker for PreviousExperimentProvider
1515918281534	addons.xpi	DEBUG	Notifying XPI shutdown observers
1515918281539	addons.manager	DEBUG	Async provider shutdown done

	at org.openqa.selenium.firefox.internal.NewProfileExtensionConnection.start(NewProfileExtensionConnection.java:113)
	at org.openqa.selenium.firefox.FirefoxDriver.startClient(FirefoxDriver.java:271)
	at org.openqa.selenium.remote.RemoteWebDriver.<init>(RemoteWebDriver.java:119)
	at org.openqa.selenium.firefox.FirefoxDriver.<init>(FirefoxDriver.java:216)
	at org.openqa.selenium.firefox.FirefoxDriver.<init>(FirefoxDriver.java:211)
	at org.openqa.selenium.firefox.FirefoxDriver.<init>(FirefoxDriver.java:128)
	at com.face.bdd.baseclass.Driver.initialiseDriver(Driver.java:49)
	at com.face.bdd.baseclass.Driver.OpenURL(Driver.java:106)
	at com.face.bdd.stepdefinitions.InvalidLogin.I_go_to_URL_on_the_Browser(InvalidLogin.java:23)
	at sun.reflect.NativeMethodAccessorImpl.invoke0(Native Method)
	at sun.reflect.NativeMethodAccessorImpl.invoke(NativeMethodAccessorImpl.java:62)
	at sun.reflect.DelegatingMethodAccessorImpl.invoke(DelegatingMethodAccessorImpl.java:43)
	at java.lang.reflect.Method.invoke(Method.java:498)
	at cucumber.runtime.Utils$1.call(Utils.java:40)
	at cucumber.runtime.Timeout.timeout(Timeout.java:16)
	at cucumber.runtime.Utils.invoke(Utils.java:34)
	at cucumber.runtime.java.JavaStepDefinition.execute(JavaStepDefinition.java:38)
	at cucumber.runtime.StepDefinitionMatch.runStep(StepDefinitionMatch.java:37)
	at cucumber.runtime.Runtime.runStep(Runtime.java:300)
	at cucumber.runtime.model.StepContainer.runStep(StepContainer.java:44)
	at cucumber.runtime.model.StepContainer.runSteps(StepContainer.java:39)
	at cucumber.runtime.model.CucumberScenario.runBackground(CucumberScenario.java:59)
	at cucumber.runtime.model.CucumberScenario.run(CucumberScenario.java:42)
	at cucumber.runtime.junit.ExecutionUnitRunner.run(ExecutionUnitRunner.java:102)
	at org.junit.runners.Suite.runChild(Suite.java:127)
	at org.junit.runners.Suite.runChild(Suite.java:26)
	at org.junit.runners.ParentRunner$3.run(ParentRunner.java:238)
	at org.junit.runners.ParentRunner$1.schedule(ParentRunner.java:63)
	at org.junit.runners.ParentRunner.runChildren(ParentRunner.java:236)
	at org.junit.runners.ParentRunner.access$000(ParentRunner.java:53)
	at org.junit.runners.ParentRunner$2.evaluate(ParentRunner.java:229)
	at org.junit.runners.ParentRunner.run(ParentRunner.java:309)
	at cucumber.runtime.junit.ExamplesRunner.run(ExamplesRunner.java:59)
	at org.junit.runners.Suite.runChild(Suite.java:127)
	at org.junit.runners.Suite.runChild(Suite.java:26)
	at org.junit.runners.ParentRunner$3.run(ParentRunner.java:238)
	at org.junit.runners.ParentRunner$1.schedule(ParentRunner.java:63)
	at org.junit.runners.ParentRunner.runChildren(ParentRunner.java:236)
	at org.junit.runners.ParentRunner.access$000(ParentRunner.java:53)
	at org.junit.runners.ParentRunner$2.evaluate(ParentRunner.java:229)
	at org.junit.runners.ParentRunner.run(ParentRunner.java:309)
	at cucumber.runtime.junit.ScenarioOutlineRunner.run(ScenarioOutlineRunner.java:53)
	at cucumber.runtime.junit.FeatureRunner.runChild(FeatureRunner.java:63)
	at cucumber.runtime.junit.FeatureRunner.runChild(FeatureRunner.java:18)
	at org.junit.runners.ParentRunner$3.run(ParentRunner.java:238)
	at org.junit.runners.ParentRunner$1.schedule(ParentRunner.java:63)
	at org.junit.runners.ParentRunner.runChildren(ParentRunner.java:236)
	at org.junit.runners.ParentRunner.access$000(ParentRunner.java:53)
	at org.junit.runners.ParentRunner$2.evaluate(ParentRunner.java:229)
	at org.junit.runners.ParentRunner.run(ParentRunner.java:309)
	at cucumber.runtime.junit.FeatureRunner.run(FeatureRunner.java:70)
	at cucumber.api.junit.Cucumber.runChild(Cucumber.java:95)
	at cucumber.api.junit.Cucumber.runChild(Cucumber.java:38)
	at org.junit.runners.ParentRunner$3.run(ParentRunner.java:238)
	at org.apache.maven.surefire.junitcore.pc.Scheduler$1.run(Scheduler.java:410)
	at org.apache.maven.surefire.junitcore.pc.InvokerStrategy.schedule(InvokerStrategy.java:54)
	at org.apache.maven.surefire.junitcore.pc.Scheduler.schedule(Scheduler.java:367)
	at org.junit.runners.ParentRunner.runChildren(ParentRunner.java:236)
	at org.junit.runners.ParentRunner.access$000(ParentRunner.java:53)
	at org.junit.runners.ParentRunner$2.evaluate(ParentRunner.java:229)
	at org.junit.internal.runners.statements.RunBefores.evaluate(RunBefores.java:26)
	at org.junit.runners.ParentRunner.run(ParentRunner.java:309)
	at cucumber.api.junit.Cucumber.run(Cucumber.java:100)
	at org.junit.runners.Suite.runChild(Suite.java:127)
	at org.junit.runners.Suite.runChild(Suite.java:26)
	at org.junit.runners.ParentRunner$3.run(ParentRunner.java:238)
	at org.apache.maven.surefire.junitcore.pc.Scheduler$1.run(Scheduler.java:410)
	at java.util.concurrent.Executors$RunnableAdapter.call(Executors.java:511)
	at java.util.concurrent.FutureTask.run(FutureTask.java:266)
	at java.util.concurrent.ThreadPoolExecutor.runWorker(ThreadPoolExecutor.java:1149)
	at java.util.concurrent.ThreadPoolExecutor$Worker.run(ThreadPoolExecutor.java:624)
	at java.lang.Thread.run(Thread.java:748)
</pre></td>
</tr>
<tr>
<td class='status skip' title='skip' alt='skip'><i class='mdi-content-redo'></i></td>
<td class='timestamp'>08:25:19</td>
<td class='step-name'>When I enter user as "IamTrying"</td>
<td class='step-details'>SKIPPED</td>
</tr>
<tr>
<td class='status skip' title='skip' alt='skip'><i class='mdi-content-redo'></i></td>
<td class='timestamp'>08:25:19</td>
<td class='step-name'>And I enter pass as "ToAccess"</td>
<td class='step-details'>SKIPPED</td>
</tr>
<tr>
<td class='status skip' title='skip' alt='skip'><i class='mdi-content-redo'></i></td>
<td class='timestamp'>08:25:19</td>
<td class='step-name'>And I click on the Login Button</td>
<td class='step-details'>SKIPPED</td>
</tr>
<tr>
<td class='status skip' title='skip' alt='skip'><i class='mdi-content-redo'></i></td>
<td class='timestamp'>08:25:19</td>
<td class='step-name'>Then I should not login on the Webpage</td>
<td class='step-details'>SKIPPED</td>
</tr>
</tbody>
</table>
</div>
</div>
</li>
</ul>
</div>
</div>
</li>
<li class='collection-item test displayed active fail hasChildren' extentid='5137c76f-8a55-4fb0-ae7c-00e76d3ee986'>
<div class='test-head'>
<span class='test-name'>Feature: FacebookLogin </span>
<span class='test-status label right outline capitalize fail'>fail</span>
<span class='category-assigned hide  @smoketest @validtest'></span>
</div>
<div class='test-body'>
<div class='test-info'>
<span title='Test started time' alt='Test started time' class='test-started-time label green lighten-1 text-white'>14-01-2018 08:25:20</span>
<span title='Test ended time' alt='Test ended time' class='test-ended-time label red lighten-1 text-white'>14-01-2018 08:26:06</span>
<span title='Time taken to finish' alt='Time taken to finish' class='test-time-taken label blue-grey lighten-3 text-white'>0h 0m 46s+111ms</span>
</div>
<div class='test-desc'></div>
<div class='test-attributes'>
<div class='categories'>
<span class='category text-white'>@SmokeTest</span>
<span class='category text-white'>@ValidTest</span>
</div>
</div>
<div class='test-steps'>
<table class='bordered table-results'>
<thead>
<tr>
<th>Status</th>
<th>Timestamp</th>
<th>Details</th>
</tr>
</thead>
<tbody>
</tbody>
</table>
<ul class='collapsible node-list' data-collapsible='accordion'>
<li class='displayed fail node-1x'>
<div class='collapsible-header test-node fail'>
<div class='right test-info'>
<span title='Test started time' alt='Test started time' class='test-started-time label green lighten-2 text-white'>14-01-2018 08:25:20</span>
<span title='Test ended time' alt='Test ended time' class='test-ended-time label red lighten-2 text-white'>14-01-2018 08:26:06</span>
<span title='Time taken to finish' alt='Time taken to finish' class='test-time-taken label blue-grey lighten-2 text-white'>0h 0m 46s+110ms</span>
<span class='test-status label outline capitalize fail'>fail</span>
</div>
<div class='test-node-name'>Scenario: ValidLogin</div>
<div class='test-node-desc'></div>
</div>
<div class='collapsible-body'>
<div class='test-steps'>
<table class='bordered table-results'>
<thead>
<tr>
<th>Status</th>
<th>Timestamp</th>
<th>StepName</th>
<th>Details</th>
</tr>
</thead>
<tbody>
<tr>
<td class='status fail' title='fail' alt='fail'><i class='mdi-navigation-cancel'></i></td>
<td class='timestamp'>08:26:06</td>
<td class='step-name'>Given I go to URL on the browser</td>
<td class='step-details'><pre>org.openqa.selenium.WebDriverException: Failed to connect to binary FirefoxBinary(C:\Program Files\Mozilla Firefox\firefox.exe) on port 7055; process output follows: 
":"Mozilla","homepageURL":null,"contributors":["Mozilla Contributors"]},"visible":true,"active":true,"userDisabled":false,"appDisabled":false,"descriptor":"C:\\Program Files\\Mozilla Firefox\\browser\\extensions\\{972ce4c6-7e08-4474-a285-3208198ce6fd}.xpi","installDate":1477964945828,"updateDate":1477964945828,"applyBackgroundUpdates":1,"skinnable":true,"size":22012,"sourceURI":null,"releaseNotesURI":null,"softDisabled":false,"foreignInstall":false,"hasBinaryComponents":false,"strictCompatibility":true,"locales":[],"targetApplications":[{"id":"{ec8030f7-c20a-464f-9b0e-13a3a9e97384}","minVersion":"47.0.2","maxVersion":"47.0.2"}],"targetPlatforms":[],"seen":true}
1515918321434	addons.xpi	DEBUG	getModTime: Recursive scan of {972ce4c6-7e08-4474-a285-3208198ce6fd}
1515918321436	DeferredSave.extensions.json	DEBUG	Save changes
1515918321436	addons.xpi	DEBUG	Updating database with changes to installed add-ons
1515918321436	addons.xpi-utils	DEBUG	Updating add-on states
1515918321437	addons.xpi-utils	DEBUG	Writing add-ons list
1515918321442	addons.xpi	DEBUG	Registering manifest for C:\Program Files\Mozilla Firefox\browser\features\e10srollout@mozilla.org.xpi
1515918321443	addons.xpi	DEBUG	Calling bootstrap method startup on e10srollout@mozilla.org version 1.0
1515918321443	addons.xpi	DEBUG	Registering manifest for C:\Program Files\Mozilla Firefox\browser\features\firefox@getpocket.com.xpi
1515918321444	addons.xpi	DEBUG	Calling bootstrap method startup on firefox@getpocket.com version 1.0.2
1515918321446	addons.xpi	DEBUG	Registering manifest for C:\Program Files\Mozilla Firefox\browser\features\loop@mozilla.org.xpi
1515918321447	addons.xpi	DEBUG	Calling bootstrap method startup on loop@mozilla.org version 1.3.2
1515918321476	addons.xpi	DEBUG	Registering manifest for C:\Program Files\Mozilla Firefox\browser\features\websensehelper@mozilla.org.xpi
1515918321477	addons.xpi	DEBUG	Calling bootstrap method startup on websensehelper@mozilla.org version 1.0
1515918321484	addons.manager	DEBUG	Registering shutdown blocker for XPIProvider
1515918321484	addons.manager	DEBUG	Provider finished startup: XPIProvider
1515918321484	addons.manager	DEBUG	Starting provider: LightweightThemeManager
1515918321484	addons.manager	DEBUG	Registering shutdown blocker for LightweightThemeManager
1515918321485	addons.manager	DEBUG	Provider finished startup: LightweightThemeManager
1515918321486	addons.manager	DEBUG	Starting provider: GMPProvider
1515918321500	addons.manager	DEBUG	Registering shutdown blocker for GMPProvider
1515918321501	addons.manager	DEBUG	Provider finished startup: GMPProvider
1515918321501	addons.manager	DEBUG	Starting provider: PluginProvider
1515918321501	addons.manager	DEBUG	Registering shutdown blocker for PluginProvider
1515918321501	addons.manager	DEBUG	Provider finished startup: PluginProvider
1515918321502	addons.manager	DEBUG	Completed startup sequence
1515918322142	addons.manager	DEBUG	Starting provider: <unnamed-provider>
1515918322142	addons.manager	DEBUG	Registering shutdown blocker for <unnamed-provider>
1515918322143	addons.manager	DEBUG	Provider finished startup: <unnamed-provider>
1515918322805	DeferredSave.extensions.json	DEBUG	Write succeeded
1515918322805	addons.xpi-utils	DEBUG	XPI Database saved, setting schema version preference to 17
1515918322806	DeferredSave.extensions.json	DEBUG	Starting timer
1515918322829	DeferredSave.extensions.json	DEBUG	Starting write
1515918322850	addons.repository	DEBUG	No addons.json found.
1515918322851	DeferredSave.addons.json	DEBUG	Save changes
1515918322855	DeferredSave.addons.json	DEBUG	Starting timer
1515918322884	addons.manager	DEBUG	Starting provider: PreviousExperimentProvider
1515918322885	addons.manager	DEBUG	Registering shutdown blocker for PreviousExperimentProvider
1515918322885	addons.manager	DEBUG	Provider finished startup: PreviousExperimentProvider
1515918322898	DeferredSave.extensions.json	DEBUG	Write succeeded
1515918322913	DeferredSave.addons.json	DEBUG	Starting write
1515918322927	DeferredSave.addons.json	DEBUG	Write succeeded

Build info: version: '2.52.0', revision: '4c2593cfc3689a7fcd7be52549167e5ccc93ad28', time: '2016-02-11 11:22:43'
System info: host: 'Pravin-PC', ip: '192.168.1.121', os.name: 'Windows 10', os.arch: 'amd64', os.version: '10.0', java.version: '1.8.0_152'
Driver info: driver.version: Driver
	at org.openqa.selenium.firefox.internal.NewProfileExtensionConnection.start(NewProfileExtensionConnection.java:125)
	at org.openqa.selenium.firefox.FirefoxDriver.startClient(FirefoxDriver.java:271)
	at org.openqa.selenium.remote.RemoteWebDriver.<init>(RemoteWebDriver.java:119)
	at org.openqa.selenium.firefox.FirefoxDriver.<init>(FirefoxDriver.java:216)
	at org.openqa.selenium.firefox.FirefoxDriver.<init>(FirefoxDriver.java:211)
	at org.openqa.selenium.firefox.FirefoxDriver.<init>(FirefoxDriver.java:128)
	at com.face.bdd.baseclass.Driver.initialiseDriver(Driver.java:49)
	at com.face.bdd.baseclass.Driver.OpenURL(Driver.java:106)
	at com.face.bdd.stepdefinitions.ValidLogin.I_go_to_URL_on_the_browser(ValidLogin.java:29)
	at ?.Given I go to URL on the browser(com/face/bdd/ValLogin.feature:7)
Caused by: org.openqa.selenium.firefox.NotConnectedException: Unable to connect to host 127.0.0.1 on port 7055 after 45000 ms. Firefox console output:
":"Mozilla","homepageURL":null,"contributors":["Mozilla Contributors"]},"visible":true,"active":true,"userDisabled":false,"appDisabled":false,"descriptor":"C:\\Program Files\\Mozilla Firefox\\browser\\extensions\\{972ce4c6-7e08-4474-a285-3208198ce6fd}.xpi","installDate":1477964945828,"updateDate":1477964945828,"applyBackgroundUpdates":1,"skinnable":true,"size":22012,"sourceURI":null,"releaseNotesURI":null,"softDisabled":false,"foreignInstall":false,"hasBinaryComponents":false,"strictCompatibility":true,"locales":[],"targetApplications":[{"id":"{ec8030f7-c20a-464f-9b0e-13a3a9e97384}","minVersion":"47.0.2","maxVersion":"47.0.2"}],"targetPlatforms":[],"seen":true}
1515918321434	addons.xpi	DEBUG	getModTime: Recursive scan of {972ce4c6-7e08-4474-a285-3208198ce6fd}
1515918321436	DeferredSave.extensions.json	DEBUG	Save changes
1515918321436	addons.xpi	DEBUG	Updating database with changes to installed add-ons
1515918321436	addons.xpi-utils	DEBUG	Updating add-on states
1515918321437	addons.xpi-utils	DEBUG	Writing add-ons list
1515918321442	addons.xpi	DEBUG	Registering manifest for C:\Program Files\Mozilla Firefox\browser\features\e10srollout@mozilla.org.xpi
1515918321443	addons.xpi	DEBUG	Calling bootstrap method startup on e10srollout@mozilla.org version 1.0
1515918321443	addons.xpi	DEBUG	Registering manifest for C:\Program Files\Mozilla Firefox\browser\features\firefox@getpocket.com.xpi
1515918321444	addons.xpi	DEBUG	Calling bootstrap method startup on firefox@getpocket.com version 1.0.2
1515918321446	addons.xpi	DEBUG	Registering manifest for C:\Program Files\Mozilla Firefox\browser\features\loop@mozilla.org.xpi
1515918321447	addons.xpi	DEBUG	Calling bootstrap method startup on loop@mozilla.org version 1.3.2
1515918321476	addons.xpi	DEBUG	Registering manifest for C:\Program Files\Mozilla Firefox\browser\features\websensehelper@mozilla.org.xpi
1515918321477	addons.xpi	DEBUG	Calling bootstrap method startup on websensehelper@mozilla.org version 1.0
1515918321484	addons.manager	DEBUG	Registering shutdown blocker for XPIProvider
1515918321484	addons.manager	DEBUG	Provider finished startup: XPIProvider
1515918321484	addons.manager	DEBUG	Starting provider: LightweightThemeManager
1515918321484	addons.manager	DEBUG	Registering shutdown blocker for LightweightThemeManager
1515918321485	addons.manager	DEBUG	Provider finished startup: LightweightThemeManager
1515918321486	addons.manager	DEBUG	Starting provider: GMPProvider
1515918321500	addons.manager	DEBUG	Registering shutdown blocker for GMPProvider
1515918321501	addons.manager	DEBUG	Provider finished startup: GMPProvider
1515918321501	addons.manager	DEBUG	Starting provider: PluginProvider
1515918321501	addons.manager	DEBUG	Registering shutdown blocker for PluginProvider
1515918321501	addons.manager	DEBUG	Provider finished startup: PluginProvider
1515918321502	addons.manager	DEBUG	Completed startup sequence
1515918322142	addons.manager	DEBUG	Starting provider: <unnamed-provider>
1515918322142	addons.manager	DEBUG	Registering shutdown blocker for <unnamed-provider>
1515918322143	addons.manager	DEBUG	Provider finished startup: <unnamed-provider>
1515918322805	DeferredSave.extensions.json	DEBUG	Write succeeded
1515918322805	addons.xpi-utils	DEBUG	XPI Database saved, setting schema version preference to 17
1515918322806	DeferredSave.extensions.json	DEBUG	Starting timer
1515918322829	DeferredSave.extensions.json	DEBUG	Starting write
1515918322850	addons.repository	DEBUG	No addons.json found.
1515918322851	DeferredSave.addons.json	DEBUG	Save changes
1515918322855	DeferredSave.addons.json	DEBUG	Starting timer
1515918322884	addons.manager	DEBUG	Starting provider: PreviousExperimentProvider
1515918322885	addons.manager	DEBUG	Registering shutdown blocker for PreviousExperimentProvider
1515918322885	addons.manager	DEBUG	Provider finished startup: PreviousExperimentProvider
1515918322898	DeferredSave.extensions.json	DEBUG	Write succeeded
1515918322913	DeferredSave.addons.json	DEBUG	Starting write
1515918322927	DeferredSave.addons.json	DEBUG	Write succeeded

	at org.openqa.selenium.firefox.internal.NewProfileExtensionConnection.start(NewProfileExtensionConnection.java:113)
	at org.openqa.selenium.firefox.FirefoxDriver.startClient(FirefoxDriver.java:271)
	at org.openqa.selenium.remote.RemoteWebDriver.<init>(RemoteWebDriver.java:119)
	at org.openqa.selenium.firefox.FirefoxDriver.<init>(FirefoxDriver.java:216)
	at org.openqa.selenium.firefox.FirefoxDriver.<init>(FirefoxDriver.java:211)
	at org.openqa.selenium.firefox.FirefoxDriver.<init>(FirefoxDriver.java:128)
	at com.face.bdd.baseclass.Driver.initialiseDriver(Driver.java:49)
	at com.face.bdd.baseclass.Driver.OpenURL(Driver.java:106)
	at com.face.bdd.stepdefinitions.ValidLogin.I_go_to_URL_on_the_browser(ValidLogin.java:29)
	at sun.reflect.NativeMethodAccessorImpl.invoke0(Native Method)
	at sun.reflect.NativeMethodAccessorImpl.invoke(NativeMethodAccessorImpl.java:62)
	at sun.reflect.DelegatingMethodAccessorImpl.invoke(DelegatingMethodAccessorImpl.java:43)
	at java.lang.reflect.Method.invoke(Method.java:498)
	at cucumber.runtime.Utils$1.call(Utils.java:40)
	at cucumber.runtime.Timeout.timeout(Timeout.java:16)
	at cucumber.runtime.Utils.invoke(Utils.java:34)
	at cucumber.runtime.java.JavaStepDefinition.execute(JavaStepDefinition.java:38)
	at cucumber.runtime.StepDefinitionMatch.runStep(StepDefinitionMatch.java:37)
	at cucumber.runtime.Runtime.runStep(Runtime.java:300)
	at cucumber.runtime.model.StepContainer.runStep(StepContainer.java:44)
	at cucumber.runtime.model.StepContainer.runSteps(StepContainer.java:39)
	at cucumber.runtime.model.CucumberScenario.runBackground(CucumberScenario.java:59)
	at cucumber.runtime.model.CucumberScenario.run(CucumberScenario.java:42)
	at cucumber.runtime.junit.ExecutionUnitRunner.run(ExecutionUnitRunner.java:102)
	at cucumber.runtime.junit.FeatureRunner.runChild(FeatureRunner.java:63)
	at cucumber.runtime.junit.FeatureRunner.runChild(FeatureRunner.java:18)
	at org.junit.runners.ParentRunner$3.run(ParentRunner.java:238)
	at org.junit.runners.ParentRunner$1.schedule(ParentRunner.java:63)
	at org.junit.runners.ParentRunner.runChildren(ParentRunner.java:236)
	at org.junit.runners.ParentRunner.access$000(ParentRunner.java:53)
	at org.junit.runners.ParentRunner$2.evaluate(ParentRunner.java:229)
	at org.junit.runners.ParentRunner.run(ParentRunner.java:309)
	at cucumber.runtime.junit.FeatureRunner.run(FeatureRunner.java:70)
	at cucumber.api.junit.Cucumber.runChild(Cucumber.java:95)
	at cucumber.api.junit.Cucumber.runChild(Cucumber.java:38)
	at org.junit.runners.ParentRunner$3.run(ParentRunner.java:238)
	at org.apache.maven.surefire.junitcore.pc.Scheduler$1.run(Scheduler.java:410)
	at org.apache.maven.surefire.junitcore.pc.InvokerStrategy.schedule(InvokerStrategy.java:54)
	at org.apache.maven.surefire.junitcore.pc.Scheduler.schedule(Scheduler.java:367)
	at org.junit.runners.ParentRunner.runChildren(ParentRunner.java:236)
	at org.junit.runners.ParentRunner.access$000(ParentRunner.java:53)
	at org.junit.runners.ParentRunner$2.evaluate(ParentRunner.java:229)
	at org.junit.internal.runners.statements.RunBefores.evaluate(RunBefores.java:26)
	at org.junit.runners.ParentRunner.run(ParentRunner.java:309)
	at cucumber.api.junit.Cucumber.run(Cucumber.java:100)
	at org.junit.runners.Suite.runChild(Suite.java:127)
	at org.junit.runners.Suite.runChild(Suite.java:26)
	at org.junit.runners.ParentRunner$3.run(ParentRunner.java:238)
	at org.apache.maven.surefire.junitcore.pc.Scheduler$1.run(Scheduler.java:410)
	at java.util.concurrent.Executors$RunnableAdapter.call(Executors.java:511)
	at java.util.concurrent.FutureTask.run(FutureTask.java:266)
	at java.util.concurrent.ThreadPoolExecutor.runWorker(ThreadPoolExecutor.java:1149)
	at java.util.concurrent.ThreadPoolExecutor$Worker.run(ThreadPoolExecutor.java:624)
	at java.lang.Thread.run(Thread.java:748)
</pre></td>
</tr>
<tr>
<td class='status skip' title='skip' alt='skip'><i class='mdi-content-redo'></i></td>
<td class='timestamp'>08:26:06</td>
<td class='step-name'>When I enter my username as "pravinkumar_12@hotmail.com"</td>
<td class='step-details'>SKIPPED</td>
</tr>
<tr>
<td class='status skip' title='skip' alt='skip'><i class='mdi-content-redo'></i></td>
<td class='timestamp'>08:26:06</td>
<td class='step-name'>And I enter my password as "London@123"</td>
<td class='step-details'>SKIPPED</td>
</tr>
<tr>
<td class='status skip' title='skip' alt='skip'><i class='mdi-content-redo'></i></td>
<td class='timestamp'>08:26:06</td>
<td class='step-name'>And I click on the Login button</td>
<td class='step-details'>SKIPPED</td>
</tr>
<tr>
<td class='status skip' title='skip' alt='skip'><i class='mdi-content-redo'></i></td>
<td class='timestamp'>08:26:06</td>
<td class='step-name'>And I should login successfully</td>
<td class='step-details'>SKIPPED</td>
</tr>
<tr>
<td class='status skip' title='skip' alt='skip'><i class='mdi-content-redo'></i></td>
<td class='timestamp'>08:26:06</td>
<td class='step-name'>And I click on the Settings</td>
<td class='step-details'>SKIPPED</td>
</tr>
<tr>
<td class='status skip' title='skip' alt='skip'><i class='mdi-content-redo'></i></td>
<td class='timestamp'>08:26:06</td>
<td class='step-name'>And I click on the Logout</td>
<td class='step-details'>SKIPPED</td>
</tr>
<tr>
<td class='status skip' title='skip' alt='skip'><i class='mdi-content-redo'></i></td>
<td class='timestamp'>08:26:06</td>
<td class='step-name'>Then I should be logged off successfully</td>
<td class='step-details'>SKIPPED</td>
</tr>
</tbody>
</table>
</div>
</div>
</li>
</ul>
</div>
</div>
</li>
</ul>
</div>
</div>
</div>
</div>
<div id='test-details-wrapper' class='col _addedCell2'>
<div class='contents'>
<div class='card-panel details-view'>
<h5 class='details-name'></h5>
<div class='step-filters right'>
<span class='info' alt='info' title='info'><i class='mdi-action-info-outline'></i></span>
<span class='pass' alt='pass' title='pass'><i class='mdi-action-check-circle'></i></span>
<span class='fail' alt='fail' title='fail'><i class='mdi-navigation-cancel'></i></span>
<span class='fatal' alt='fatal' title='fatal'><i class='mdi-navigation-cancel'></i></span>
<span class='error' alt='error' title='error'><i class='mdi-alert-error'></i></span>
<span class='warning' alt='warning' title='warning'><i class='mdi-alert-warning'></i></span>
<span class='skip' alt='skip' title='skip'><i class='mdi-content-redo'></i></span>
<span class='clear-step-filter' alt='Clear filters' title='Clear filters'><i class='mdi-content-clear'></i></span>
</div>
<div class='details-container'>
</div>
</div>
</div>
</div>
</div>
<!-- /tests -->

<!-- categories -->
<div id='categories-view' class='row _addedTable hide'>
<div class='col _addedCell1'>
<div class='contents'>
<div class='card-panel heading'>
<h5>Categories</h5>
</div>
<div class='card-panel filters'>
<div class='search' alt='Search tests' title='Search tests'>
<div class='input-field left'>
<input id='searchTests' type='text' class='validate' placeholder='Search tests...'>
</div>
<i class='mdi-action-search icon'></i>
</div>
</div>
<div class='card-panel no-padding-h no-padding-v'>
<div class='wrapper'>
<ul id='cat-collection' class='cat-collection'>
<li class='category-item displayed'>
<div class='cat-head'>
<span class='category-name'>@InvalidTest</span>
</div>
<div class='category-status-counts'>
<span class='fail label dot'>Fail: 3</span>
</div>
<div class='cat-body'>
<div class='category-status-counts'>
<div class='button-group'>
<a href='#!' class='pass label filter'>Pass <span class='icon'>0</span></a>
<a href='#!' class='fail label filter'>Fail <span class='icon'>3</span></a>
<a href='#!' class='other label filter'>Others <span class='icon'>0</span></a>
</div>
</div>
<div class='cat-tests'>
<table class='bordered'>
<thead>
<tr>
<th>RunDate</th>
<th>Test Name</th>
<th>Status</th>
</tr>
</thead>
<tbody>
<tr class='fail'>
<td>14-01-2018 08:23:45</td>
<td><span class='category-link linked' extentid='6279555c-d75b-4722-9898-604bb5331a38'>Scenario:</span></td>
<td><div class='status label capitalize fail'>fail</div></td>
</tr>
<tr class='fail'>
<td>14-01-2018 08:24:33</td>
<td><span class='category-link linked' extentid='5c587657-5bac-4565-ae5e-bd2efd426061'>Scenario:</span></td>
<td><div class='status label capitalize fail'>fail</div></td>
</tr>
<tr class='fail'>
<td>14-01-2018 08:23:45</td>
<td><span class='category-link linked' extentid='12e8c88b-9bee-46e9-ad0d-cf17f7f806b2'>Feature: InvalidLogin</span></td>
<td><div class='status label capitalize fail'>fail</div></td>
</tr>
<tbody>
</table>
</div>
</div> 
</li>
<li class='category-item displayed'>
<div class='cat-head'>
<span class='category-name'>@SmokeTest</span>
</div>
<div class='category-status-counts'>
<span class='fail label dot'>Fail: 4</span>
</div>
<div class='cat-body'>
<div class='category-status-counts'>
<div class='button-group'>
<a href='#!' class='pass label filter'>Pass <span class='icon'>0</span></a>
<a href='#!' class='fail label filter'>Fail <span class='icon'>4</span></a>
<a href='#!' class='other label filter'>Others <span class='icon'>0</span></a>
</div>
</div>
<div class='cat-tests'>
<table class='bordered'>
<thead>
<tr>
<th>RunDate</th>
<th>Test Name</th>
<th>Status</th>
</tr>
</thead>
<tbody>
<tr class='fail'>
<td>14-01-2018 08:23:45</td>
<td><span class='category-link linked' extentid='6279555c-d75b-4722-9898-604bb5331a38'>Scenario:</span></td>
<td><div class='status label capitalize fail'>fail</div></td>
</tr>
<tr class='fail'>
<td>14-01-2018 08:24:33</td>
<td><span class='category-link linked' extentid='5c587657-5bac-4565-ae5e-bd2efd426061'>Scenario:</span></td>
<td><div class='status label capitalize fail'>fail</div></td>
</tr>
<tr class='fail'>
<td>14-01-2018 08:23:45</td>
<td><span class='category-link linked' extentid='12e8c88b-9bee-46e9-ad0d-cf17f7f806b2'>Feature: InvalidLogin</span></td>
<td><div class='status label capitalize fail'>fail</div></td>
</tr>
<tr class='fail'>
<td>14-01-2018 08:25:20</td>
<td><span class='category-link linked' extentid='5137c76f-8a55-4fb0-ae7c-00e76d3ee986'>Feature: FacebookLogin</span></td>
<td><div class='status label capitalize fail'>fail</div></td>
</tr>
<tbody>
</table>
</div>
</div> 
</li>
<li class='category-item displayed'>
<div class='cat-head'>
<span class='category-name'>@ValidTest</span>
</div>
<div class='category-status-counts'>
<span class='fail label dot'>Fail: 2</span>
</div>
<div class='cat-body'>
<div class='category-status-counts'>
<div class='button-group'>
<a href='#!' class='pass label filter'>Pass <span class='icon'>0</span></a>
<a href='#!' class='fail label filter'>Fail <span class='icon'>2</span></a>
<a href='#!' class='other label filter'>Others <span class='icon'>0</span></a>
</div>
</div>
<div class='cat-tests'>
<table class='bordered'>
<thead>
<tr>
<th>RunDate</th>
<th>Test Name</th>
<th>Status</th>
</tr>
</thead>
<tbody>
<tr class='fail'>
<td>14-01-2018 08:25:20</td>
<td><span class='category-link linked' extentid='278453e5-4f5c-4b75-8e6b-dafbf8ed1f11'>Scenario: ValidLogin</span></td>
<td><div class='status label capitalize fail'>fail</div></td>
</tr>
<tr class='fail'>
<td>14-01-2018 08:25:20</td>
<td><span class='category-link linked' extentid='5137c76f-8a55-4fb0-ae7c-00e76d3ee986'>Feature: FacebookLogin</span></td>
<td><div class='status label capitalize fail'>fail</div></td>
</tr>
<tbody>
</table>
</div>
</div> 
</li>
</ul>
</div>
</div>
</div>
</div>
<div id='cat-details-wrapper' class='col _addedCell2'>
<div class='contents'>
<div class='card-panel details-view'>
<h5 class='cat-name'></h5>
<div class='cat-container'>
</div>
</div>
</div>
</div>
</div>
<!-- /categories -->

<!-- exceptions -->
<div id='exceptions-view' class='row _addedTable hide'>
<div class='col _addedCell1'>
<div class='contents'>
<div class='card-panel heading'>
<h5>Defects</h5>
</div>
<div class='card-panel filters'>
<div class='search' alt='Search tests' title='Search tests'>
<div class='input-field left'>
<input id='searchTests' type='text' class='validate' placeholder='Search tests...'>
</div>
<i class='mdi-action-search icon'></i>
</div>
</div>
<div class='card-panel no-padding-h no-padding-v'>
<div class='wrapper'>
<ul id='exception-collection' class='exception-collection'>
<li class='exception-item displayed'>
<div class='exception-head'>
<span class='exception-name'>org.openqa.selenium.WebDriverException</span>
</div>
<div class='exception-test-count'>
<span class='fail label'>1</span>
</div>
<div class='exception-body'>
<div class='exception-tests'>
<table class='bordered'>
<thead>
<tr>
<th>RunDate</th>
<th>Test Name</th>
<th>Exception</th>
</tr>
</thead>
<tbody>
<tr class='fail'>
<td>14-01-2018 08:23:45</td>
<td><span class='exception-link linked' extentid='6279555c-d75b-4722-9898-604bb5331a38'>Scenario:</span></td>
<td><pre class='exception-message'>org.openqa.selenium.WebDriverException: Failed to connect to binary FirefoxBinary(C:\Program Files\Mozilla Firefox\firefox.exe) on port 7055; process output follows: 
":"Mozilla","homepageURL":null,"contributors":["Mozilla Contributors"]},"visible":true,"active":true,"userDisabled":false,"appDisabled":false,"descriptor":"C:\\Program Files\\Mozilla Firefox\\browser\\extensions\\{972ce4c6-7e08-4474-a285-3208198ce6fd}.xpi","installDate":1477964945828,"updateDate":1477964945828,"applyBackgroundUpdates":1,"skinnable":true,"size":22012,"sourceURI":null,"releaseNotesURI":null,"softDisabled":false,"foreignInstall":false,"hasBinaryComponents":false,"strictCompatibility":true,"locales":[],"targetApplications":[{"id":"{ec8030f7-c20a-464f-9b0e-13a3a9e97384}","minVersion":"47.0.2","maxVersion":"47.0.2"}],"targetPlatforms":[],"seen":true}
1515918229486	addons.xpi	DEBUG	getModTime: Recursive scan of {972ce4c6-7e08-4474-a285-3208198ce6fd}
1515918229488	DeferredSave.extensions.json	DEBUG	Save changes
1515918229488	addons.xpi	DEBUG	Updating database with changes to installed add-ons
1515918229488	addons.xpi-utils	DEBUG	Updating add-on states
1515918229489	addons.xpi-utils	DEBUG	Writing add-ons list
1515918229493	addons.xpi	DEBUG	Registering manifest for C:\Program Files\Mozilla Firefox\browser\features\e10srollout@mozilla.org.xpi
1515918229493	addons.xpi	DEBUG	Calling bootstrap method startup on e10srollout@mozilla.org version 1.0
1515918229494	addons.xpi	DEBUG	Registering manifest for C:\Program Files\Mozilla Firefox\browser\features\firefox@getpocket.com.xpi
1515918229495	addons.xpi	DEBUG	Calling bootstrap method startup on firefox@getpocket.com version 1.0.2
1515918229496	addons.xpi	DEBUG	Registering manifest for C:\Program Files\Mozilla Firefox\browser\features\loop@mozilla.org.xpi
1515918229498	addons.xpi	DEBUG	Calling bootstrap method startup on loop@mozilla.org version 1.3.2
1515918229523	addons.xpi	DEBUG	Registering manifest for C:\Program Files\Mozilla Firefox\browser\features\websensehelper@mozilla.org.xpi
1515918229524	addons.xpi	DEBUG	Calling bootstrap method startup on websensehelper@mozilla.org version 1.0
1515918229528	addons.manager	DEBUG	Registering shutdown blocker for XPIProvider
1515918229528	addons.manager	DEBUG	Provider finished startup: XPIProvider
1515918229528	addons.manager	DEBUG	Starting provider: LightweightThemeManager
1515918229529	addons.manager	DEBUG	Registering shutdown blocker for LightweightThemeManager
1515918229529	addons.manager	DEBUG	Provider finished startup: LightweightThemeManager
1515918229530	addons.manager	DEBUG	Starting provider: GMPProvider
1515918229546	addons.manager	DEBUG	Registering shutdown blocker for GMPProvider
1515918229547	addons.manager	DEBUG	Provider finished startup: GMPProvider
1515918229547	addons.manager	DEBUG	Starting provider: PluginProvider
1515918229547	addons.manager	DEBUG	Registering shutdown blocker for PluginProvider
1515918229548	addons.manager	DEBUG	Provider finished startup: PluginProvider
1515918229549	addons.manager	DEBUG	Completed startup sequence
1515918230085	addons.manager	DEBUG	Starting provider: <unnamed-provider>
1515918230085	addons.manager	DEBUG	Registering shutdown blocker for <unnamed-provider>
1515918230085	addons.manager	DEBUG	Provider finished startup: <unnamed-provider>
1515918230615	DeferredSave.extensions.json	DEBUG	Write succeeded
1515918230616	addons.xpi-utils	DEBUG	XPI Database saved, setting schema version preference to 17
1515918230616	DeferredSave.extensions.json	DEBUG	Starting timer
1515918230641	DeferredSave.extensions.json	DEBUG	Starting write
1515918230662	addons.repository	DEBUG	No addons.json found.
1515918230663	DeferredSave.addons.json	DEBUG	Save changes
1515918230667	DeferredSave.addons.json	DEBUG	Starting timer
1515918230707	addons.manager	DEBUG	Starting provider: PreviousExperimentProvider
1515918230708	addons.manager	DEBUG	Registering shutdown blocker for PreviousExperimentProvider
1515918230708	addons.manager	DEBUG	Provider finished startup: PreviousExperimentProvider
1515918230735	DeferredSave.addons.json	DEBUG	Starting write
1515918230758	DeferredSave.extensions.json	DEBUG	Write succeeded
1515918230883	DeferredSave.addons.json	DEBUG	Write succeeded

Build info: version: '2.52.0', revision: '4c2593cfc3689a7fcd7be52549167e5ccc93ad28', time: '2016-02-11 11:22:43'
System info: host: 'Pravin-PC', ip: '192.168.1.121', os.name: 'Windows 10', os.arch: 'amd64', os.version: '10.0', java.version: '1.8.0_152'
Driver info: driver.version: Driver
	at org.openqa.selenium.firefox.internal.NewProfileExtensionConnection.start(NewProfileExtensionConnection.java:125)
	at org.openqa.selenium.firefox.FirefoxDriver.startClient(FirefoxDriver.java:271)
	at org.openqa.selenium.remote.RemoteWebDriver.<init>(RemoteWebDriver.java:119)
	at org.openqa.selenium.firefox.FirefoxDriver.<init>(FirefoxDriver.java:216)
	at org.openqa.selenium.firefox.FirefoxDriver.<init>(FirefoxDriver.java:211)
	at org.openqa.selenium.firefox.FirefoxDriver.<init>(FirefoxDriver.java:128)
	at com.face.bdd.baseclass.Driver.initialiseDriver(Driver.java:49)
	at com.face.bdd.baseclass.Driver.OpenURL(Driver.java:106)
	at com.face.bdd.stepdefinitions.InvalidLogin.I_go_to_URL_on_the_Browser(InvalidLogin.java:23)
	at ?.Given I go to URL on the Browser(com/face/bdd/InvLogin.feature:7)
Caused by: org.openqa.selenium.firefox.NotConnectedException: Unable to connect to host 127.0.0.1 on port 7055 after 45000 ms. Firefox console output:
":"Mozilla","homepageURL":null,"contributors":["Mozilla Contributors"]},"visible":true,"active":true,"userDisabled":false,"appDisabled":false,"descriptor":"C:\\Program Files\\Mozilla Firefox\\browser\\extensions\\{972ce4c6-7e08-4474-a285-3208198ce6fd}.xpi","installDate":1477964945828,"updateDate":1477964945828,"applyBackgroundUpdates":1,"skinnable":true,"size":22012,"sourceURI":null,"releaseNotesURI":null,"softDisabled":false,"foreignInstall":false,"hasBinaryComponents":false,"strictCompatibility":true,"locales":[],"targetApplications":[{"id":"{ec8030f7-c20a-464f-9b0e-13a3a9e97384}","minVersion":"47.0.2","maxVersion":"47.0.2"}],"targetPlatforms":[],"seen":true}
1515918229486	addons.xpi	DEBUG	getModTime: Recursive scan of {972ce4c6-7e08-4474-a285-3208198ce6fd}
1515918229488	DeferredSave.extensions.json	DEBUG	Save changes
1515918229488	addons.xpi	DEBUG	Updating database with changes to installed add-ons
1515918229488	addons.xpi-utils	DEBUG	Updating add-on states
1515918229489	addons.xpi-utils	DEBUG	Writing add-ons list
1515918229493	addons.xpi	DEBUG	Registering manifest for C:\Program Files\Mozilla Firefox\browser\features\e10srollout@mozilla.org.xpi
1515918229493	addons.xpi	DEBUG	Calling bootstrap method startup on e10srollout@mozilla.org version 1.0
1515918229494	addons.xpi	DEBUG	Registering manifest for C:\Program Files\Mozilla Firefox\browser\features\firefox@getpocket.com.xpi
1515918229495	addons.xpi	DEBUG	Calling bootstrap method startup on firefox@getpocket.com version 1.0.2
1515918229496	addons.xpi	DEBUG	Registering manifest for C:\Program Files\Mozilla Firefox\browser\features\loop@mozilla.org.xpi
1515918229498	addons.xpi	DEBUG	Calling bootstrap method startup on loop@mozilla.org version 1.3.2
1515918229523	addons.xpi	DEBUG	Registering manifest for C:\Program Files\Mozilla Firefox\browser\features\websensehelper@mozilla.org.xpi
1515918229524	addons.xpi	DEBUG	Calling bootstrap method startup on websensehelper@mozilla.org version 1.0
1515918229528	addons.manager	DEBUG	Registering shutdown blocker for XPIProvider
1515918229528	addons.manager	DEBUG	Provider finished startup: XPIProvider
1515918229528	addons.manager	DEBUG	Starting provider: LightweightThemeManager
1515918229529	addons.manager	DEBUG	Registering shutdown blocker for LightweightThemeManager
1515918229529	addons.manager	DEBUG	Provider finished startup: LightweightThemeManager
1515918229530	addons.manager	DEBUG	Starting provider: GMPProvider
1515918229546	addons.manager	DEBUG	Registering shutdown blocker for GMPProvider
1515918229547	addons.manager	DEBUG	Provider finished startup: GMPProvider
1515918229547	addons.manager	DEBUG	Starting provider: PluginProvider
1515918229547	addons.manager	DEBUG	Registering shutdown blocker for PluginProvider
1515918229548	addons.manager	DEBUG	Provider finished startup: PluginProvider
1515918229549	addons.manager	DEBUG	Completed startup sequence
1515918230085	addons.manager	DEBUG	Starting provider: <unnamed-provider>
1515918230085	addons.manager	DEBUG	Registering shutdown blocker for <unnamed-provider>
1515918230085	addons.manager	DEBUG	Provider finished startup: <unnamed-provider>
1515918230615	DeferredSave.extensions.json	DEBUG	Write succeeded
1515918230616	addons.xpi-utils	DEBUG	XPI Database saved, setting schema version preference to 17
1515918230616	DeferredSave.extensions.json	DEBUG	Starting timer
1515918230641	DeferredSave.extensions.json	DEBUG	Starting write
1515918230662	addons.repository	DEBUG	No addons.json found.
1515918230663	DeferredSave.addons.json	DEBUG	Save changes
1515918230667	DeferredSave.addons.json	DEBUG	Starting timer
1515918230707	addons.manager	DEBUG	Starting provider: PreviousExperimentProvider
1515918230708	addons.manager	DEBUG	Registering shutdown blocker for PreviousExperimentProvider
1515918230708	addons.manager	DEBUG	Provider finished startup: PreviousExperimentProvider
1515918230735	DeferredSave.addons.json	DEBUG	Starting write
1515918230758	DeferredSave.extensions.json	DEBUG	Write succeeded
1515918230883	DeferredSave.addons.json	DEBUG	Write succeeded

	at org.openqa.selenium.firefox.internal.NewProfileExtensionConnection.start(NewProfileExtensionConnection.java:113)
	at org.openqa.selenium.firefox.FirefoxDriver.startClient(FirefoxDriver.java:271)
	at org.openqa.selenium.remote.RemoteWebDriver.<init>(RemoteWebDriver.java:119)
	at org.openqa.selenium.firefox.FirefoxDriver.<init>(FirefoxDriver.java:216)
	at org.openqa.selenium.firefox.FirefoxDriver.<init>(FirefoxDriver.java:211)
	at org.openqa.selenium.firefox.FirefoxDriver.<init>(FirefoxDriver.java:128)
	at com.face.bdd.baseclass.Driver.initialiseDriver(Driver.java:49)
	at com.face.bdd.baseclass.Driver.OpenURL(Driver.java:106)
	at com.face.bdd.stepdefinitions.InvalidLogin.I_go_to_URL_on_the_Browser(InvalidLogin.java:23)
	at sun.reflect.NativeMethodAccessorImpl.invoke0(Native Method)
	at sun.reflect.NativeMethodAccessorImpl.invoke(NativeMethodAccessorImpl.java:62)
	at sun.reflect.DelegatingMethodAccessorImpl.invoke(DelegatingMethodAccessorImpl.java:43)
	at java.lang.reflect.Method.invoke(Method.java:498)
	at cucumber.runtime.Utils$1.call(Utils.java:40)
	at cucumber.runtime.Timeout.timeout(Timeout.java:16)
	at cucumber.runtime.Utils.invoke(Utils.java:34)
	at cucumber.runtime.java.JavaStepDefinition.execute(JavaStepDefinition.java:38)
	at cucumber.runtime.StepDefinitionMatch.runStep(StepDefinitionMatch.java:37)
	at cucumber.runtime.Runtime.runStep(Runtime.java:300)
	at cucumber.runtime.model.StepContainer.runStep(StepContainer.java:44)
	at cucumber.runtime.model.StepContainer.runSteps(StepContainer.java:39)
	at cucumber.runtime.model.CucumberScenario.runBackground(CucumberScenario.java:59)
	at cucumber.runtime.model.CucumberScenario.run(CucumberScenario.java:42)
	at cucumber.runtime.junit.ExecutionUnitRunner.run(ExecutionUnitRunner.java:102)
	at org.junit.runners.Suite.runChild(Suite.java:127)
	at org.junit.runners.Suite.runChild(Suite.java:26)
	at org.junit.runners.ParentRunner$3.run(ParentRunner.java:238)
	at org.junit.runners.ParentRunner$1.schedule(ParentRunner.java:63)
	at org.junit.runners.ParentRunner.runChildren(ParentRunner.java:236)
	at org.junit.runners.ParentRunner.access$000(ParentRunner.java:53)
	at org.junit.runners.ParentRunner$2.evaluate(ParentRunner.java:229)
	at org.junit.runners.ParentRunner.run(ParentRunner.java:309)
	at cucumber.runtime.junit.ExamplesRunner.run(ExamplesRunner.java:59)
	at org.junit.runners.Suite.runChild(Suite.java:127)
	at org.junit.runners.Suite.runChild(Suite.java:26)
	at org.junit.runners.ParentRunner$3.run(ParentRunner.java:238)
	at org.junit.runners.ParentRunner$1.schedule(ParentRunner.java:63)
	at org.junit.runners.ParentRunner.runChildren(ParentRunner.java:236)
	at org.junit.runners.ParentRunner.access$000(ParentRunner.java:53)
	at org.junit.runners.ParentRunner$2.evaluate(ParentRunner.java:229)
	at org.junit.runners.ParentRunner.run(ParentRunner.java:309)
	at cucumber.runtime.junit.ScenarioOutlineRunner.run(ScenarioOutlineRunner.java:53)
	at cucumber.runtime.junit.FeatureRunner.runChild(FeatureRunner.java:63)
	at cucumber.runtime.junit.FeatureRunner.runChild(FeatureRunner.java:18)
	at org.junit.runners.ParentRunner$3.run(ParentRunner.java:238)
	at org.junit.runners.ParentRunner$1.schedule(ParentRunner.java:63)
	at org.junit.runners.ParentRunner.runChildren(ParentRunner.java:236)
	at org.junit.runners.ParentRunner.access$000(ParentRunner.java:53)
	at org.junit.runners.ParentRunner$2.evaluate(ParentRunner.java:229)
	at org.junit.runners.ParentRunner.run(ParentRunner.java:309)
	at cucumber.runtime.junit.FeatureRunner.run(FeatureRunner.java:70)
	at cucumber.api.junit.Cucumber.runChild(Cucumber.java:95)
	at cucumber.api.junit.Cucumber.runChild(Cucumber.java:38)
	at org.junit.runners.ParentRunner$3.run(ParentRunner.java:238)
	at org.apache.maven.surefire.junitcore.pc.Scheduler$1.run(Scheduler.java:410)
	at org.apache.maven.surefire.junitcore.pc.InvokerStrategy.schedule(InvokerStrategy.java:54)
	at org.apache.maven.surefire.junitcore.pc.Scheduler.schedule(Scheduler.java:367)
	at org.junit.runners.ParentRunner.runChildren(ParentRunner.java:236)
	at org.junit.runners.ParentRunner.access$000(ParentRunner.java:53)
	at org.junit.runners.ParentRunner$2.evaluate(ParentRunner.java:229)
	at org.junit.internal.runners.statements.RunBefores.evaluate(RunBefores.java:26)
	at org.junit.runners.ParentRunner.run(ParentRunner.java:309)
	at cucumber.api.junit.Cucumber.run(Cucumber.java:100)
	at org.junit.runners.Suite.runChild(Suite.java:127)
	at org.junit.runners.Suite.runChild(Suite.java:26)
	at org.junit.runners.ParentRunner$3.run(ParentRunner.java:238)
	at org.apache.maven.surefire.junitcore.pc.Scheduler$1.run(Scheduler.java:410)
	at java.util.concurrent.Executors$RunnableAdapter.call(Executors.java:511)
	at java.util.concurrent.FutureTask.run(FutureTask.java:266)
	at java.util.concurrent.ThreadPoolExecutor.runWorker(ThreadPoolExecutor.java:1149)
	at java.util.concurrent.ThreadPoolExecutor$Worker.run(ThreadPoolExecutor.java:624)
	at java.lang.Thread.run(Thread.java:748)
</pre></td>
</tr>
</tbody>
</table>
</div>
</div> 
</li>
</ul>
</div>
</div>
</div>
</div>
<div id='exception-details-wrapper' class='col _addedCell2'>
<div class='contents'>
<div class='card-panel details-view'>
<h5 class='exception-name'></h5>
<div class='exception-container'>
</div>
</div>
</div>
</div>
</div>
<!-- /exceptions -->

<!-- testrunner logs -->
<!-- /testrunner logs -->

</div>
<!-- /container -->

<!-- test dashboard counts setting -->
<div id='test-count-setting' class='modal bottom-sheet'> 
<div class='modal-content'> 
<h5>Configure Tests Count Setting</h5> 
<input name='test-count-setting' type='radio' id='parentWithoutNodes' class='with-gap'> 
<label for='parentWithoutNodes'>Parent Tests Only (Does not include child nodes in counts)</label> 
<br> 
<input name='test-count-setting' type='radio' id='parentWithoutNodesAndNodes' class='with-gap'> 
<label for='parentWithoutNodesAndNodes'>Parent Tests Without Child Tests + Child Tests</label> 
<br> 
<input name='test-count-setting' type='radio' id='childNodes' class='with-gap'> 
<label for='childNodes'>Child Tests Only</label> 
</div> 
<div class='modal-footer'> 
<a href='#!' class='modal-action modal-close waves-effect waves-green btn'>Save</a> 
</div> 
</div>
<!-- /test dashboard counts setting -->

<!-- filter for step status -->
<div id='step-status-filter' class='modal bottom-sheet'> 
<div class='modal-content'> 
<h5>Select status</h5> 
<input checked class='filled-in' type='checkbox' id='step-dashboard-filter-pass'> 
<label for='step-dashboard-filter-pass'>Pass</label> 
<br> 
<input checked class='filled-in' type='checkbox' id='step-dashboard-filter-fail'> 
<label for='step-dashboard-filter-fail'>Fail</label> 
<br> 
<input checked class='filled-in' type='checkbox' id='step-dashboard-filter-fatal'> 
<label for='step-dashboard-filter-fatal'>Fatal</label> 
<br> 
<input checked class='filled-in' type='checkbox' id='step-dashboard-filter-error'> 
<label for='step-dashboard-filter-error'>Error</label> 
<br> 
<input checked class='filled-in' type='checkbox' id='step-dashboard-filter-warning'> 
<label for='step-dashboard-filter-warning'>Warning</label> 
<br> 
<input checked class='filled-in' type='checkbox' id='step-dashboard-filter-skip'> 
<label for='step-dashboard-filter-skip'>Skipped</label> 
<br> 
<input checked class='filled-in' type='checkbox' id='step-dashboard-filter-info'> 
<label for='step-dashboard-filter-info'>Info</label> 
<br> 
<input checked class='filled-in' type='checkbox' id='step-dashboard-filter-unknown'> 
<label for='step-dashboard-filter-unknown'>Unknown</label> 
</div>
<div class='modal-footer'> 
<a href='#!' class='modal-action modal-close waves-effect waves-green btn'>Save</a> 
</div> 
</div>
<!-- /filter for step status -->

<script src='https://cdn.rawgit.com/anshooarora/extentreports/051be9b627c84bde3591f7e6268e8b70e334a760/cdn/extent.js' type='text/javascript'></script>

<script>$(document).ready(function() { $('.logo span').html('ExtentReports'); });</script>
<script>

            
                $(document).ready(function() {
                    
                });
            
        
</script>
</body>
</html>
