
<!DOCTYPE html>
<html>
<head>
<!--
ExtentReports Library 2.41.0 | http://relevantcodes.com/extentreports-for-selenium/ | https://github.com/anshooarora/
Copyright (c) 2015, Anshoo Arora (Relevant Codes) | Copyrights licensed under the New BSD License | http://opensource.org/licenses/BSD-3-Clause
Documentation: http://extentreports.relevantcodes.com 
-->

<meta charset='UTF-8' /> 
<meta name='description' content='ExtentReports (by Anshoo Arora) is a reporting library for automation testing for .NET and Java. It creates detailed and beautiful HTML reports for modern browsers. ExtentReports shows test and step summary along with dashboards, system and environment details for quick analysis of your tests.' />
<meta name='robots' content='noodp, noydir' />
<meta name='viewport' content='width=device-width, initial-scale=1' />
<meta name='extentx' id='extentx' content='' />

<title>
Test Results
</title>


<link href='https://fonts.googleapis.com/css?family=Source+Sans+Pro:400,600' rel='stylesheet' type='text/css'>
<link href='https://cdn.rawgit.com/anshooarora/extentreports/97fc3fe7f55cba86a4f5b6ff9a2bb80de3e4867c/cdn/extent.css' type='text/css' rel='stylesheet' />

<style>

            
                
            
        
</style>
</head>


<body class='extent standard hide-overflow'>
<!-- nav -->
<nav>
<div class='logo-container'>
<a class='logo-content' href='http://extentreports.relevantcodes.com'>
<span>ExtentReports</span>
</a>
<a href='#' data-activates='slide-out' class='button-collapse hide-on-large-only'><i class='mdi-navigation-apps'></i></a>
</div>
<ul id='slide-out' class='side-nav fixed hide-on-med-and-down'>
<li class='analysis waves-effect active'><a href='#!' class='test-view' onclick="_updateCurrentStage(0)"><i class='mdi-action-dashboard'></i>Test Details</a></li>
<li class='analysis waves-effect'><a href='#!' class='categories-view' onclick="_updateCurrentStage(1)"><i class='mdi-maps-local-offer'></i>Categories</a></li>
<li class='analysis waves-effect'><a href='#!' class='exceptions-view' onclick="_updateCurrentStage(2)"><i class='mdi-action-bug-report'></i>Exceptions</a></li>
<li class='analysis waves-effect'><a href='#!' class='dashboard-view'><i class='mdi-action-track-changes'></i></i>Analysis</a></li>
</ul>
<span class='report-name'>Test Results</span> <span class='report-headline'> - v1.0.0</span>
<ul class='right hide-on-med-and-down nav-right'>
<li class='theme-selector' alt='Click to toggle dark theme. To enable by default, use js configuration $("body").addClass("dark");' title='Click to toggle dark theme. To enable by default, use js configuration $("body").addClass("dark");'>
<i class='mdi-hardware-desktop-windows'></i>
</li>
<li>
<span class='suite-started-time'>14-01-2018 00:08:28</span>
</li>
<li>
<span>v2.41.0</span>
</li>
</ul>
</nav>
<!-- /nav -->

<!-- container -->
<div class='container'>

<!-- dashboard -->
<div id='dashboard-view' class='row'>
<div class='time-totals'>
<div class='col l2 m4 s6'>
<div class='card suite-total-tests'> 
<span class='panel-name'>Total Tests</span> 
<span class='total-tests'> <span class='panel-lead'></span> </span> 
</div> 
</div>
<div class='col l2 m4 s6'>
<div class='card suite-total-steps'> 
<span class='panel-name'>Total Steps</span> 
<span class='total-steps'> <span class='panel-lead'></span> </span> 
</div> 
</div>
<div class='col l2 m4 s12'>
<div class='card suite-total-time-current'> 
<span class='panel-name'>Total Time Taken (Current Run)</span> 
<span class='suite-total-time-current-value panel-lead'>0h 2m 19s+841ms</span> 
</div> 
</div>
<div class='col l2 m4 s12'>
<div class='card suite-total-time-overall'> 
<span class='panel-name'>Total Time Taken (Overall)</span> 
<span class='suite-total-time-overall-value panel-lead'>0h 2m 19s+841ms</span> 
</div> 
</div>
<div class='col l2 m4 s6 suite-start-time'>
<div class='card accent green-accent'> 
<span class='panel-name'>Start</span> 
<span class='panel-lead suite-started-time'>14-01-2018 00:06:08</span> 
</div> 
</div>
<div class='col l2 m4 s6 suite-end-time'>
<div class='card accent pink-accent'> 
<span class='panel-name'>End</span> 
<span class='panel-lead suite-ended-time'>14-01-2018 00:08:28</span> 
</div> 
</div>
</div>
<div class='charts'>
<div class='col s12 m6 l4 fh'> 
<div class='card-panel'> 
<div>
<span class='panel-name'>Tests View</span>
</div> 
<div class='panel-setting modal-trigger test-count-setting right'>
<a href='#test-count-setting'><i class='mdi-navigation-more-vert text-md'></i></a>
</div> 
<div class='chart-box'>
<canvas class='text-centered' id='test-analysis'></canvas>
</div> 
<div>
<span class='weight-light'><span class='t-pass-count weight-normal'></span> test(s) passed</span>
</div> 
<div>
<span class='weight-light'><span class='t-fail-count weight-normal'></span> test(s) failed, <span class='t-others-count weight-normal'></span> others</span>
</div> 
</div> 
</div> 
<div class='col s12 m6 l4 fh'> 
<div class='card-panel'> 
<div>
<span class='panel-name'>Steps View</span>
</div> 
<div class='panel-setting modal-trigger step-status-filter right'>
<a href='#step-status-filter'><i class='mdi-navigation-more-vert text-md'></i></a>
</div> 
<div class='chart-box'>
<canvas class='text-centered' id='step-analysis'></canvas>
</div> 
<div>
<span class='weight-light'><span class='s-pass-count weight-normal'></span> step(s) passed </span>
</div> 
<div>
<span class='weight-light'><span class='s-fail-count weight-normal'></span> step(s) failed, <span class='s-others-count weight-normal'></span> others</span>
</div> 
</div> 
</div>
<div class='col s12 m12 l4 fh'> 
<div class='card-panel'> 
<span class='panel-name'>Pass Percentage</span> 
<span class='pass-percentage panel-lead'></span> 
<div class='progress light-blue lighten-3'> 
<div class='determinate light-blue'></div> 
</div> 
</div> 
</div>
</div>
<div class='system-view'>
<div class='col l4 m12 s12'>
<div class='card-panel'>
<span class='label info outline right'>Environment</span>
<table>
<thead>
<tr>
<th>Param</th>
<th>Value</th>
</tr>
</thead>
<tbody>
<tr>
<td>User Name</td>
<td>pravi</td>
</tr>
<tr>
<td>OS</td>
<td>Windows 10</td>
</tr>
<tr>
<td>Java Version</td>
<td>1.8.0_152</td>
</tr>
<tr>
<td>Host Name</td>
<td>Pravin-PC</td>
</tr>
<tr>
<td>os</td>
<td>Windows</td>
</tr>
<tr>
<td>Selenium Version</td>
<td>2.53.1</td>
</tr>
</tbody>
</table>
</div>
</div>
</div>
<div class='category-summary-view'>
<div class='col l4 m6 s12'>
<div class='card-panel'>
<span class='label info outline right'>Categories</span>
<table>
<thead>
<tr>
<th>Name</th>
</tr>
</thead>
<tbody>
<tr>
<td>
@InvalidTest
</td>
</tr>
<tr>
<td>
@SmokeTest
</td>
</tr>
<tr>
<td>
@ValidTest
</td>
</tr>
</tbody>
</table>
</div>
</div>
</div>
</div>
<!-- /dashboard -->

<!-- tests -->
<div id='test-view' class='row _addedTable'>
<div class='col _addedCell1'>
<div class='contents'>
<div class='card-panel heading'>
<h5>Tests</h5>
</div>
<div class='card-panel filters'>
<div>
<a data-activates='tests-toggle' data-constrainwidth='true' data-beloworigin='true' data-hover='true' href='#' class='dropdown-button button tests-toggle'><i class='mdi-action-subject icon'></i></a>
<ul id='tests-toggle' class='dropdown-content'>
<li class='pass'><a href='#!'>Pass</a></li>
<li class='fail'><a href='#!'>Fail</a></li>
<li class='skip'><a href='#!'>Skip</a></li>
<li class='divider'></li>
<li class='clear'><a href='#!'>Clear Filters</a></li>
</ul>
</div>
<div>
<a data-activates='category-toggle' data-constrainwidth='false' data-beloworigin='true' data-hover='true' href='#' class='category-toggle dropdown-button button'><i class='mdi-maps-local-offer icon'></i></a>
<ul id='category-toggle' class='dropdown-content'>
<li class='@InvalidTest'><a href='#!'>@InvalidTest</a></li>
<li class='@SmokeTest'><a href='#!'>@SmokeTest</a></li>
<li class='@ValidTest'><a href='#!'>@ValidTest</a></li>
<li class='divider'></li>
<li class='clear'><a href='#!'>Clear Filters</a></li>
</ul>
</div>
<div>
<a id='clear-filters' alt='Clear Filters' title='Clear Filters'><i class='mdi-navigation-close icon'></i></a>
</div>
<div>&nbsp;&middot;&nbsp;</div>
<div>
<a id='enableDashboard' alt='Enable Dashboard' title='Enable Dashboard'><i class='mdi-action-track-changes icon'></i></a>
</div>
<div>
<a id='refreshCharts' alt='Refresh Charts on Filters' title='Refresh Charts on Filters' class='enabled'><i class='mdi-navigation-refresh icon'></i></i></a>
</div>
<div>&nbsp;&middot;</div>
<div class='search' alt='Search Tests' title='Search Tests'>
<div class='input-field left'>
<input id='searchTests' type='text' class='validate' placeholder='Search Tests...'>
</div>
<i class='mdi-action-search icon'></i>
</div>
</div>
<div class='card-panel no-padding-h no-padding-v no-margin-v'>
<div class='wrapper'>
<ul id='test-collection' class='test-collection'>
<li class='collection-item test displayed active fail hasChildren' extentid='9ad9f393-ae82-497e-b1c4-a1e19232a988'>
<div class='test-head'>
<span class='test-name'>Feature: InvalidLogin </span>
<span class='test-status label right outline capitalize fail'>fail</span>
<span class='category-assigned hide  @smoketest @invalidtest'></span>
</div>
<div class='test-body'>
<div class='test-info'>
<span title='Test started time' alt='Test started time' class='test-started-time label green lighten-1 text-white'>14-01-2018 00:06:08</span>
<span title='Test ended time' alt='Test ended time' class='test-ended-time label red lighten-1 text-white'>14-01-2018 00:07:41</span>
<span title='Time taken to finish' alt='Time taken to finish' class='test-time-taken label blue-grey lighten-3 text-white'>0h 1m 32s+988ms</span>
</div>
<div class='test-desc'></div>
<div class='test-attributes'>
<div class='categories'>
<span class='category text-white'>@SmokeTest</span>
<span class='category text-white'>@InvalidTest</span>
</div>
</div>
<div class='test-steps'>
<table class='bordered table-results'>
<thead>
<tr>
<th>Status</th>
<th>Timestamp</th>
<th>Details</th>
</tr>
</thead>
<tbody>
</tbody>
</table>
<ul class='collapsible node-list' data-collapsible='accordion'>
<li class='displayed fail node-1x'>
<div class='collapsible-header test-node fail'>
<div class='right test-info'>
<span title='Test started time' alt='Test started time' class='test-started-time label green lighten-2 text-white'>14-01-2018 00:06:08</span>
<span title='Test ended time' alt='Test ended time' class='test-ended-time label red lighten-2 text-white'>14-01-2018 00:06:56</span>
<span title='Time taken to finish' alt='Time taken to finish' class='test-time-taken label blue-grey lighten-2 text-white'>0h 0m 47s+266ms</span>
<span class='test-status label outline capitalize fail'>fail</span>
</div>
<div class='test-node-name'>Scenario:</div>
<div class='test-node-desc'></div>
</div>
<div class='collapsible-body'>
<div class='test-steps'>
<table class='bordered table-results'>
<thead>
<tr>
<th>Status</th>
<th>Timestamp</th>
<th>StepName</th>
<th>Details</th>
</tr>
</thead>
<tbody>
<tr>
<td class='status fail' title='fail' alt='fail'><i class='mdi-navigation-cancel'></i></td>
<td class='timestamp'>00:06:56</td>
<td class='step-name'>Given I go to URL on the Browser</td>
<td class='step-details'><pre>org.openqa.selenium.WebDriverException: Failed to connect to binary FirefoxBinary(C:\Program Files\Mozilla Firefox\firefox.exe) on port 7055; process output follows: 
8371557	addons.xpi	DEBUG	Calling bootstrap method startup on e10srollout@mozilla.org version 1.0
1515888371557	addons.xpi	DEBUG	Registering manifest for C:\Program Files\Mozilla Firefox\browser\features\firefox@getpocket.com.xpi
1515888371558	addons.xpi	DEBUG	Calling bootstrap method startup on firefox@getpocket.com version 1.0.2
1515888371559	addons.xpi	DEBUG	Registering manifest for C:\Program Files\Mozilla Firefox\browser\features\loop@mozilla.org.xpi
1515888371560	addons.xpi	DEBUG	Calling bootstrap method startup on loop@mozilla.org version 1.3.2
1515888371582	addons.xpi	DEBUG	Registering manifest for C:\Program Files\Mozilla Firefox\browser\features\websensehelper@mozilla.org.xpi
1515888371583	addons.xpi	DEBUG	Calling bootstrap method startup on websensehelper@mozilla.org version 1.0
1515888371586	addons.manager	DEBUG	Registering shutdown blocker for XPIProvider
1515888371587	addons.manager	DEBUG	Provider finished startup: XPIProvider
1515888371587	addons.manager	DEBUG	Starting provider: LightweightThemeManager
1515888371587	addons.manager	DEBUG	Registering shutdown blocker for LightweightThemeManager
1515888371587	addons.manager	DEBUG	Provider finished startup: LightweightThemeManager
1515888371588	addons.manager	DEBUG	Starting provider: GMPProvider
1515888371600	addons.manager	DEBUG	Registering shutdown blocker for GMPProvider
1515888371601	addons.manager	DEBUG	Provider finished startup: GMPProvider
1515888371601	addons.manager	DEBUG	Starting provider: PluginProvider
1515888371601	addons.manager	DEBUG	Registering shutdown blocker for PluginProvider
1515888371601	addons.manager	DEBUG	Provider finished startup: PluginProvider
1515888371602	addons.manager	DEBUG	Completed startup sequence
1515888372075	addons.manager	DEBUG	Starting provider: <unnamed-provider>
1515888372075	addons.manager	DEBUG	Registering shutdown blocker for <unnamed-provider>
1515888372075	addons.manager	DEBUG	Provider finished startup: <unnamed-provider>
1515888372461	DeferredSave.extensions.json	DEBUG	Write succeeded
1515888372462	addons.xpi-utils	DEBUG	XPI Database saved, setting schema version preference to 17
1515888372462	DeferredSave.extensions.json	DEBUG	Starting timer
1515888372501	DeferredSave.extensions.json	DEBUG	Starting write
1515888372546	addons.repository	DEBUG	No addons.json found.
1515888372547	DeferredSave.addons.json	DEBUG	Save changes
1515888372551	DeferredSave.addons.json	DEBUG	Starting timer
1515888372581	addons.manager	DEBUG	Starting provider: PreviousExperimentProvider
1515888372581	addons.manager	DEBUG	Registering shutdown blocker for PreviousExperimentProvider
1515888372582	addons.manager	DEBUG	Provider finished startup: PreviousExperimentProvider
1515888372593	DeferredSave.extensions.json	DEBUG	Write succeeded
1515888372609	DeferredSave.addons.json	DEBUG	Starting write
1515888372625	DeferredSave.addons.json	DEBUG	Write succeeded
1515888404400	addons.xpi	DEBUG	Calling bootstrap method shutdown on e10srollout@mozilla.org version 1.0
1515888404400	addons.xpi	DEBUG	Calling bootstrap method shutdown on firefox@getpocket.com version 1.0.2
1515888404401	addons.xpi	DEBUG	Calling bootstrap method shutdown on loop@mozilla.org version 1.3.2
1515888404403	addons.xpi	DEBUG	Calling bootstrap method shutdown on websensehelper@mozilla.org version 1.0
1515888404577	addons.manager	DEBUG	shutdown
1515888404578	addons.manager	DEBUG	Calling shutdown blocker for XPIProvider
1515888404578	addons.xpi	DEBUG	shutdown
1515888404579	addons.xpi-utils	DEBUG	shutdown
1515888404580	addons.manager	DEBUG	Calling shutdown blocker for LightweightThemeManager
1515888404581	addons.manager	DEBUG	Calling shutdown blocker for GMPProvider
1515888404583	addons.manager	DEBUG	Calling shutdown blocker for PluginProvider
1515888404584	addons.manager	DEBUG	Calling shutdown blocker for <unnamed-provider>
1515888404586	addons.manager	DEBUG	Calling shutdown blocker for PreviousExperimentProvider
1515888404590	addons.xpi	DEBUG	Notifying XPI shutdown observers
1515888404596	addons.manager	DEBUG	Async provider shutdown done

Build info: version: '2.52.0', revision: '4c2593cfc3689a7fcd7be52549167e5ccc93ad28', time: '2016-02-11 11:22:43'
System info: host: 'Pravin-PC', ip: '192.168.1.121', os.name: 'Windows 10', os.arch: 'amd64', os.version: '10.0', java.version: '1.8.0_152'
Driver info: driver.version: Driver
	at org.openqa.selenium.firefox.internal.NewProfileExtensionConnection.start(NewProfileExtensionConnection.java:125)
	at org.openqa.selenium.firefox.FirefoxDriver.startClient(FirefoxDriver.java:271)
	at org.openqa.selenium.remote.RemoteWebDriver.<init>(RemoteWebDriver.java:119)
	at org.openqa.selenium.firefox.FirefoxDriver.<init>(FirefoxDriver.java:216)
	at org.openqa.selenium.firefox.FirefoxDriver.<init>(FirefoxDriver.java:211)
	at org.openqa.selenium.firefox.FirefoxDriver.<init>(FirefoxDriver.java:128)
	at com.face.bdd.baseclass.Driver.initialiseDriver(Driver.java:50)
	at com.face.bdd.baseclass.Driver.OpenURL(Driver.java:108)
	at com.face.bdd.stepdefinitions.InvalidLogin.I_go_to_URL_on_the_Browser(InvalidLogin.java:23)
	at ?.Given I go to URL on the Browser(com/face/bdd/InvLogin.feature:7)
Caused by: org.openqa.selenium.firefox.NotConnectedException: Unable to connect to host 127.0.0.1 on port 7055 after 45000 ms. Firefox console output:
8371557	addons.xpi	DEBUG	Calling bootstrap method startup on e10srollout@mozilla.org version 1.0
1515888371557	addons.xpi	DEBUG	Registering manifest for C:\Program Files\Mozilla Firefox\browser\features\firefox@getpocket.com.xpi
1515888371558	addons.xpi	DEBUG	Calling bootstrap method startup on firefox@getpocket.com version 1.0.2
1515888371559	addons.xpi	DEBUG	Registering manifest for C:\Program Files\Mozilla Firefox\browser\features\loop@mozilla.org.xpi
1515888371560	addons.xpi	DEBUG	Calling bootstrap method startup on loop@mozilla.org version 1.3.2
1515888371582	addons.xpi	DEBUG	Registering manifest for C:\Program Files\Mozilla Firefox\browser\features\websensehelper@mozilla.org.xpi
1515888371583	addons.xpi	DEBUG	Calling bootstrap method startup on websensehelper@mozilla.org version 1.0
1515888371586	addons.manager	DEBUG	Registering shutdown blocker for XPIProvider
1515888371587	addons.manager	DEBUG	Provider finished startup: XPIProvider
1515888371587	addons.manager	DEBUG	Starting provider: LightweightThemeManager
1515888371587	addons.manager	DEBUG	Registering shutdown blocker for LightweightThemeManager
1515888371587	addons.manager	DEBUG	Provider finished startup: LightweightThemeManager
1515888371588	addons.manager	DEBUG	Starting provider: GMPProvider
1515888371600	addons.manager	DEBUG	Registering shutdown blocker for GMPProvider
1515888371601	addons.manager	DEBUG	Provider finished startup: GMPProvider
1515888371601	addons.manager	DEBUG	Starting provider: PluginProvider
1515888371601	addons.manager	DEBUG	Registering shutdown blocker for PluginProvider
1515888371601	addons.manager	DEBUG	Provider finished startup: PluginProvider
1515888371602	addons.manager	DEBUG	Completed startup sequence
1515888372075	addons.manager	DEBUG	Starting provider: <unnamed-provider>
1515888372075	addons.manager	DEBUG	Registering shutdown blocker for <unnamed-provider>
1515888372075	addons.manager	DEBUG	Provider finished startup: <unnamed-provider>
1515888372461	DeferredSave.extensions.json	DEBUG	Write succeeded
1515888372462	addons.xpi-utils	DEBUG	XPI Database saved, setting schema version preference to 17
1515888372462	DeferredSave.extensions.json	DEBUG	Starting timer
1515888372501	DeferredSave.extensions.json	DEBUG	Starting write
1515888372546	addons.repository	DEBUG	No addons.json found.
1515888372547	DeferredSave.addons.json	DEBUG	Save changes
1515888372551	DeferredSave.addons.json	DEBUG	Starting timer
1515888372581	addons.manager	DEBUG	Starting provider: PreviousExperimentProvider
1515888372581	addons.manager	DEBUG	Registering shutdown blocker for PreviousExperimentProvider
1515888372582	addons.manager	DEBUG	Provider finished startup: PreviousExperimentProvider
1515888372593	DeferredSave.extensions.json	DEBUG	Write succeeded
1515888372609	DeferredSave.addons.json	DEBUG	Starting write
1515888372625	DeferredSave.addons.json	DEBUG	Write succeeded
1515888404400	addons.xpi	DEBUG	Calling bootstrap method shutdown on e10srollout@mozilla.org version 1.0
1515888404400	addons.xpi	DEBUG	Calling bootstrap method shutdown on firefox@getpocket.com version 1.0.2
1515888404401	addons.xpi	DEBUG	Calling bootstrap method shutdown on loop@mozilla.org version 1.3.2
1515888404403	addons.xpi	DEBUG	Calling bootstrap method shutdown on websensehelper@mozilla.org version 1.0
1515888404577	addons.manager	DEBUG	shutdown
1515888404578	addons.manager	DEBUG	Calling shutdown blocker for XPIProvider
1515888404578	addons.xpi	DEBUG	shutdown
1515888404579	addons.xpi-utils	DEBUG	shutdown
1515888404580	addons.manager	DEBUG	Calling shutdown blocker for LightweightThemeManager
1515888404581	addons.manager	DEBUG	Calling shutdown blocker for GMPProvider
1515888404583	addons.manager	DEBUG	Calling shutdown blocker for PluginProvider
1515888404584	addons.manager	DEBUG	Calling shutdown blocker for <unnamed-provider>
1515888404586	addons.manager	DEBUG	Calling shutdown blocker for PreviousExperimentProvider
1515888404590	addons.xpi	DEBUG	Notifying XPI shutdown observers
1515888404596	addons.manager	DEBUG	Async provider shutdown done

	at org.openqa.selenium.firefox.internal.NewProfileExtensionConnection.start(NewProfileExtensionConnection.java:113)
	at org.openqa.selenium.firefox.FirefoxDriver.startClient(FirefoxDriver.java:271)
	at org.openqa.selenium.remote.RemoteWebDriver.<init>(RemoteWebDriver.java:119)
	at org.openqa.selenium.firefox.FirefoxDriver.<init>(FirefoxDriver.java:216)
	at org.openqa.selenium.firefox.FirefoxDriver.<init>(FirefoxDriver.java:211)
	at org.openqa.selenium.firefox.FirefoxDriver.<init>(FirefoxDriver.java:128)
	at com.face.bdd.baseclass.Driver.initialiseDriver(Driver.java:50)
	at com.face.bdd.baseclass.Driver.OpenURL(Driver.java:108)
	at com.face.bdd.stepdefinitions.InvalidLogin.I_go_to_URL_on_the_Browser(InvalidLogin.java:23)
	at sun.reflect.NativeMethodAccessorImpl.invoke0(Native Method)
	at sun.reflect.NativeMethodAccessorImpl.invoke(NativeMethodAccessorImpl.java:62)
	at sun.reflect.DelegatingMethodAccessorImpl.invoke(DelegatingMethodAccessorImpl.java:43)
	at java.lang.reflect.Method.invoke(Method.java:498)
	at cucumber.runtime.Utils$1.call(Utils.java:40)
	at cucumber.runtime.Timeout.timeout(Timeout.java:16)
	at cucumber.runtime.Utils.invoke(Utils.java:34)
	at cucumber.runtime.java.JavaStepDefinition.execute(JavaStepDefinition.java:38)
	at cucumber.runtime.StepDefinitionMatch.runStep(StepDefinitionMatch.java:37)
	at cucumber.runtime.Runtime.runStep(Runtime.java:300)
	at cucumber.runtime.model.StepContainer.runStep(StepContainer.java:44)
	at cucumber.runtime.model.StepContainer.runSteps(StepContainer.java:39)
	at cucumber.runtime.model.CucumberScenario.runBackground(CucumberScenario.java:59)
	at cucumber.runtime.model.CucumberScenario.run(CucumberScenario.java:42)
	at cucumber.runtime.junit.ExecutionUnitRunner.run(ExecutionUnitRunner.java:102)
	at org.junit.runners.Suite.runChild(Suite.java:127)
	at org.junit.runners.Suite.runChild(Suite.java:26)
	at org.junit.runners.ParentRunner$3.run(ParentRunner.java:238)
	at org.junit.runners.ParentRunner$1.schedule(ParentRunner.java:63)
	at org.junit.runners.ParentRunner.runChildren(ParentRunner.java:236)
	at org.junit.runners.ParentRunner.access$000(ParentRunner.java:53)
	at org.junit.runners.ParentRunner$2.evaluate(ParentRunner.java:229)
	at org.junit.runners.ParentRunner.run(ParentRunner.java:309)
	at cucumber.runtime.junit.ExamplesRunner.run(ExamplesRunner.java:59)
	at org.junit.runners.Suite.runChild(Suite.java:127)
	at org.junit.runners.Suite.runChild(Suite.java:26)
	at org.junit.runners.ParentRunner$3.run(ParentRunner.java:238)
	at org.junit.runners.ParentRunner$1.schedule(ParentRunner.java:63)
	at org.junit.runners.ParentRunner.runChildren(ParentRunner.java:236)
	at org.junit.runners.ParentRunner.access$000(ParentRunner.java:53)
	at org.junit.runners.ParentRunner$2.evaluate(ParentRunner.java:229)
	at org.junit.runners.ParentRunner.run(ParentRunner.java:309)
	at cucumber.runtime.junit.ScenarioOutlineRunner.run(ScenarioOutlineRunner.java:53)
	at cucumber.runtime.junit.FeatureRunner.runChild(FeatureRunner.java:63)
	at cucumber.runtime.junit.FeatureRunner.runChild(FeatureRunner.java:18)
	at org.junit.runners.ParentRunner$3.run(ParentRunner.java:238)
	at org.junit.runners.ParentRunner$1.schedule(ParentRunner.java:63)
	at org.junit.runners.ParentRunner.runChildren(ParentRunner.java:236)
	at org.junit.runners.ParentRunner.access$000(ParentRunner.java:53)
	at org.junit.runners.ParentRunner$2.evaluate(ParentRunner.java:229)
	at org.junit.runners.ParentRunner.run(ParentRunner.java:309)
	at cucumber.runtime.junit.FeatureRunner.run(FeatureRunner.java:70)
	at cucumber.api.junit.Cucumber.runChild(Cucumber.java:95)
	at cucumber.api.junit.Cucumber.runChild(Cucumber.java:38)
	at org.junit.runners.ParentRunner$3.run(ParentRunner.java:238)
	at org.junit.runners.ParentRunner$1.schedule(ParentRunner.java:63)
	at org.junit.runners.ParentRunner.runChildren(ParentRunner.java:236)
	at org.junit.runners.ParentRunner.access$000(ParentRunner.java:53)
	at org.junit.runners.ParentRunner$2.evaluate(ParentRunner.java:229)
	at org.junit.internal.runners.statements.RunBefores.evaluate(RunBefores.java:26)
	at org.junit.runners.ParentRunner.run(ParentRunner.java:309)
	at cucumber.api.junit.Cucumber.run(Cucumber.java:100)
	at org.eclipse.jdt.internal.junit4.runner.JUnit4TestReference.run(JUnit4TestReference.java:86)
	at org.eclipse.jdt.internal.junit.runner.TestExecution.run(TestExecution.java:38)
	at org.eclipse.jdt.internal.junit.runner.RemoteTestRunner.runTests(RemoteTestRunner.java:538)
	at org.eclipse.jdt.internal.junit.runner.RemoteTestRunner.runTests(RemoteTestRunner.java:760)
	at org.eclipse.jdt.internal.junit.runner.RemoteTestRunner.run(RemoteTestRunner.java:460)
	at org.eclipse.jdt.internal.junit.runner.RemoteTestRunner.main(RemoteTestRunner.java:206)
</pre></td>
</tr>
<tr>
<td class='status skip' title='skip' alt='skip'><i class='mdi-content-redo'></i></td>
<td class='timestamp'>00:06:56</td>
<td class='step-name'>When I enter user as "Hello"</td>
<td class='step-details'>SKIPPED</td>
</tr>
<tr>
<td class='status skip' title='skip' alt='skip'><i class='mdi-content-redo'></i></td>
<td class='timestamp'>00:06:56</td>
<td class='step-name'>And I enter pass as "World"</td>
<td class='step-details'>SKIPPED</td>
</tr>
<tr>
<td class='status skip' title='skip' alt='skip'><i class='mdi-content-redo'></i></td>
<td class='timestamp'>00:06:56</td>
<td class='step-name'>And I click on the Login Button</td>
<td class='step-details'>SKIPPED</td>
</tr>
<tr>
<td class='status skip' title='skip' alt='skip'><i class='mdi-content-redo'></i></td>
<td class='timestamp'>00:06:56</td>
<td class='step-name'>Then I should not login on the Webpage</td>
<td class='step-details'>SKIPPED</td>
</tr>
</tbody>
</table>
</div>
</div>
</li>
<li class='displayed fail node-1x'>
<div class='collapsible-header test-node fail'>
<div class='right test-info'>
<span title='Test started time' alt='Test started time' class='test-started-time label green lighten-2 text-white'>14-01-2018 00:06:56</span>
<span title='Test ended time' alt='Test ended time' class='test-ended-time label red lighten-2 text-white'>14-01-2018 00:07:41</span>
<span title='Time taken to finish' alt='Time taken to finish' class='test-time-taken label blue-grey lighten-2 text-white'>0h 0m 45s+713ms</span>
<span class='test-status label outline capitalize fail'>fail</span>
</div>
<div class='test-node-name'>Scenario:</div>
<div class='test-node-desc'></div>
</div>
<div class='collapsible-body'>
<div class='test-steps'>
<table class='bordered table-results'>
<thead>
<tr>
<th>Status</th>
<th>Timestamp</th>
<th>StepName</th>
<th>Details</th>
</tr>
</thead>
<tbody>
<tr>
<td class='status fail' title='fail' alt='fail'><i class='mdi-navigation-cancel'></i></td>
<td class='timestamp'>00:07:41</td>
<td class='step-name'>Given I go to URL on the Browser</td>
<td class='step-details'><pre>org.openqa.selenium.WebDriverException: Failed to connect to binary FirefoxBinary(C:\Program Files\Mozilla Firefox\firefox.exe) on port 7055; process output follows: 
":"Mozilla","homepageURL":null,"contributors":["Mozilla Contributors"]},"visible":true,"active":true,"userDisabled":false,"appDisabled":false,"descriptor":"C:\\Program Files\\Mozilla Firefox\\browser\\extensions\\{972ce4c6-7e08-4474-a285-3208198ce6fd}.xpi","installDate":1477964945828,"updateDate":1477964945828,"applyBackgroundUpdates":1,"skinnable":true,"size":22012,"sourceURI":null,"releaseNotesURI":null,"softDisabled":false,"foreignInstall":false,"hasBinaryComponents":false,"strictCompatibility":true,"locales":[],"targetApplications":[{"id":"{ec8030f7-c20a-464f-9b0e-13a3a9e97384}","minVersion":"47.0.2","maxVersion":"47.0.2"}],"targetPlatforms":[],"seen":true}
1515888417367	addons.xpi	DEBUG	getModTime: Recursive scan of {972ce4c6-7e08-4474-a285-3208198ce6fd}
1515888417369	DeferredSave.extensions.json	DEBUG	Save changes
1515888417369	addons.xpi	DEBUG	Updating database with changes to installed add-ons
1515888417369	addons.xpi-utils	DEBUG	Updating add-on states
1515888417371	addons.xpi-utils	DEBUG	Writing add-ons list
1515888417374	addons.xpi	DEBUG	Registering manifest for C:\Program Files\Mozilla Firefox\browser\features\e10srollout@mozilla.org.xpi
1515888417375	addons.xpi	DEBUG	Calling bootstrap method startup on e10srollout@mozilla.org version 1.0
1515888417375	addons.xpi	DEBUG	Registering manifest for C:\Program Files\Mozilla Firefox\browser\features\firefox@getpocket.com.xpi
1515888417376	addons.xpi	DEBUG	Calling bootstrap method startup on firefox@getpocket.com version 1.0.2
1515888417377	addons.xpi	DEBUG	Registering manifest for C:\Program Files\Mozilla Firefox\browser\features\loop@mozilla.org.xpi
1515888417378	addons.xpi	DEBUG	Calling bootstrap method startup on loop@mozilla.org version 1.3.2
1515888417399	addons.xpi	DEBUG	Registering manifest for C:\Program Files\Mozilla Firefox\browser\features\websensehelper@mozilla.org.xpi
1515888417400	addons.xpi	DEBUG	Calling bootstrap method startup on websensehelper@mozilla.org version 1.0
1515888417403	addons.manager	DEBUG	Registering shutdown blocker for XPIProvider
1515888417404	addons.manager	DEBUG	Provider finished startup: XPIProvider
1515888417404	addons.manager	DEBUG	Starting provider: LightweightThemeManager
1515888417404	addons.manager	DEBUG	Registering shutdown blocker for LightweightThemeManager
1515888417404	addons.manager	DEBUG	Provider finished startup: LightweightThemeManager
1515888417404	addons.manager	DEBUG	Starting provider: GMPProvider
1515888417417	addons.manager	DEBUG	Registering shutdown blocker for GMPProvider
1515888417417	addons.manager	DEBUG	Provider finished startup: GMPProvider
1515888417417	addons.manager	DEBUG	Starting provider: PluginProvider
1515888417418	addons.manager	DEBUG	Registering shutdown blocker for PluginProvider
1515888417418	addons.manager	DEBUG	Provider finished startup: PluginProvider
1515888417418	addons.manager	DEBUG	Completed startup sequence
1515888417904	addons.manager	DEBUG	Starting provider: <unnamed-provider>
1515888417905	addons.manager	DEBUG	Registering shutdown blocker for <unnamed-provider>
1515888417905	addons.manager	DEBUG	Provider finished startup: <unnamed-provider>
1515888418284	DeferredSave.extensions.json	DEBUG	Write succeeded
1515888418285	addons.xpi-utils	DEBUG	XPI Database saved, setting schema version preference to 17
1515888418285	DeferredSave.extensions.json	DEBUG	Starting timer
1515888418319	DeferredSave.extensions.json	DEBUG	Starting write
1515888418373	addons.repository	DEBUG	No addons.json found.
1515888418374	DeferredSave.addons.json	DEBUG	Save changes
1515888418380	DeferredSave.addons.json	DEBUG	Starting timer
1515888418417	addons.manager	DEBUG	Starting provider: PreviousExperimentProvider
1515888418418	addons.manager	DEBUG	Registering shutdown blocker for PreviousExperimentProvider
1515888418418	addons.manager	DEBUG	Provider finished startup: PreviousExperimentProvider
1515888418430	DeferredSave.extensions.json	DEBUG	Write succeeded
1515888418432	DeferredSave.addons.json	DEBUG	Starting write
1515888418455	DeferredSave.addons.json	DEBUG	Write succeeded

Build info: version: '2.52.0', revision: '4c2593cfc3689a7fcd7be52549167e5ccc93ad28', time: '2016-02-11 11:22:43'
System info: host: 'Pravin-PC', ip: '192.168.1.121', os.name: 'Windows 10', os.arch: 'amd64', os.version: '10.0', java.version: '1.8.0_152'
Driver info: driver.version: Driver
	at org.openqa.selenium.firefox.internal.NewProfileExtensionConnection.start(NewProfileExtensionConnection.java:125)
	at org.openqa.selenium.firefox.FirefoxDriver.startClient(FirefoxDriver.java:271)
	at org.openqa.selenium.remote.RemoteWebDriver.<init>(RemoteWebDriver.java:119)
	at org.openqa.selenium.firefox.FirefoxDriver.<init>(FirefoxDriver.java:216)
	at org.openqa.selenium.firefox.FirefoxDriver.<init>(FirefoxDriver.java:211)
	at org.openqa.selenium.firefox.FirefoxDriver.<init>(FirefoxDriver.java:128)
	at com.face.bdd.baseclass.Driver.initialiseDriver(Driver.java:50)
	at com.face.bdd.baseclass.Driver.OpenURL(Driver.java:108)
	at com.face.bdd.stepdefinitions.InvalidLogin.I_go_to_URL_on_the_Browser(InvalidLogin.java:23)
	at ?.Given I go to URL on the Browser(com/face/bdd/InvLogin.feature:7)
Caused by: org.openqa.selenium.firefox.NotConnectedException: Unable to connect to host 127.0.0.1 on port 7055 after 45000 ms. Firefox console output:
":"Mozilla","homepageURL":null,"contributors":["Mozilla Contributors"]},"visible":true,"active":true,"userDisabled":false,"appDisabled":false,"descriptor":"C:\\Program Files\\Mozilla Firefox\\browser\\extensions\\{972ce4c6-7e08-4474-a285-3208198ce6fd}.xpi","installDate":1477964945828,"updateDate":1477964945828,"applyBackgroundUpdates":1,"skinnable":true,"size":22012,"sourceURI":null,"releaseNotesURI":null,"softDisabled":false,"foreignInstall":false,"hasBinaryComponents":false,"strictCompatibility":true,"locales":[],"targetApplications":[{"id":"{ec8030f7-c20a-464f-9b0e-13a3a9e97384}","minVersion":"47.0.2","maxVersion":"47.0.2"}],"targetPlatforms":[],"seen":true}
1515888417367	addons.xpi	DEBUG	getModTime: Recursive scan of {972ce4c6-7e08-4474-a285-3208198ce6fd}
1515888417369	DeferredSave.extensions.json	DEBUG	Save changes
1515888417369	addons.xpi	DEBUG	Updating database with changes to installed add-ons
1515888417369	addons.xpi-utils	DEBUG	Updating add-on states
1515888417371	addons.xpi-utils	DEBUG	Writing add-ons list
1515888417374	addons.xpi	DEBUG	Registering manifest for C:\Program Files\Mozilla Firefox\browser\features\e10srollout@mozilla.org.xpi
1515888417375	addons.xpi	DEBUG	Calling bootstrap method startup on e10srollout@mozilla.org version 1.0
1515888417375	addons.xpi	DEBUG	Registering manifest for C:\Program Files\Mozilla Firefox\browser\features\firefox@getpocket.com.xpi
1515888417376	addons.xpi	DEBUG	Calling bootstrap method startup on firefox@getpocket.com version 1.0.2
1515888417377	addons.xpi	DEBUG	Registering manifest for C:\Program Files\Mozilla Firefox\browser\features\loop@mozilla.org.xpi
1515888417378	addons.xpi	DEBUG	Calling bootstrap method startup on loop@mozilla.org version 1.3.2
1515888417399	addons.xpi	DEBUG	Registering manifest for C:\Program Files\Mozilla Firefox\browser\features\websensehelper@mozilla.org.xpi
1515888417400	addons.xpi	DEBUG	Calling bootstrap method startup on websensehelper@mozilla.org version 1.0
1515888417403	addons.manager	DEBUG	Registering shutdown blocker for XPIProvider
1515888417404	addons.manager	DEBUG	Provider finished startup: XPIProvider
1515888417404	addons.manager	DEBUG	Starting provider: LightweightThemeManager
1515888417404	addons.manager	DEBUG	Registering shutdown blocker for LightweightThemeManager
1515888417404	addons.manager	DEBUG	Provider finished startup: LightweightThemeManager
1515888417404	addons.manager	DEBUG	Starting provider: GMPProvider
1515888417417	addons.manager	DEBUG	Registering shutdown blocker for GMPProvider
1515888417417	addons.manager	DEBUG	Provider finished startup: GMPProvider
1515888417417	addons.manager	DEBUG	Starting provider: PluginProvider
1515888417418	addons.manager	DEBUG	Registering shutdown blocker for PluginProvider
1515888417418	addons.manager	DEBUG	Provider finished startup: PluginProvider
1515888417418	addons.manager	DEBUG	Completed startup sequence
1515888417904	addons.manager	DEBUG	Starting provider: <unnamed-provider>
1515888417905	addons.manager	DEBUG	Registering shutdown blocker for <unnamed-provider>
1515888417905	addons.manager	DEBUG	Provider finished startup: <unnamed-provider>
1515888418284	DeferredSave.extensions.json	DEBUG	Write succeeded
1515888418285	addons.xpi-utils	DEBUG	XPI Database saved, setting schema version preference to 17
1515888418285	DeferredSave.extensions.json	DEBUG	Starting timer
1515888418319	DeferredSave.extensions.json	DEBUG	Starting write
1515888418373	addons.repository	DEBUG	No addons.json found.
1515888418374	DeferredSave.addons.json	DEBUG	Save changes
1515888418380	DeferredSave.addons.json	DEBUG	Starting timer
1515888418417	addons.manager	DEBUG	Starting provider: PreviousExperimentProvider
1515888418418	addons.manager	DEBUG	Registering shutdown blocker for PreviousExperimentProvider
1515888418418	addons.manager	DEBUG	Provider finished startup: PreviousExperimentProvider
1515888418430	DeferredSave.extensions.json	DEBUG	Write succeeded
1515888418432	DeferredSave.addons.json	DEBUG	Starting write
1515888418455	DeferredSave.addons.json	DEBUG	Write succeeded

	at org.openqa.selenium.firefox.internal.NewProfileExtensionConnection.start(NewProfileExtensionConnection.java:113)
	at org.openqa.selenium.firefox.FirefoxDriver.startClient(FirefoxDriver.java:271)
	at org.openqa.selenium.remote.RemoteWebDriver.<init>(RemoteWebDriver.java:119)
	at org.openqa.selenium.firefox.FirefoxDriver.<init>(FirefoxDriver.java:216)
	at org.openqa.selenium.firefox.FirefoxDriver.<init>(FirefoxDriver.java:211)
	at org.openqa.selenium.firefox.FirefoxDriver.<init>(FirefoxDriver.java:128)
	at com.face.bdd.baseclass.Driver.initialiseDriver(Driver.java:50)
	at com.face.bdd.baseclass.Driver.OpenURL(Driver.java:108)
	at com.face.bdd.stepdefinitions.InvalidLogin.I_go_to_URL_on_the_Browser(InvalidLogin.java:23)
	at sun.reflect.NativeMethodAccessorImpl.invoke0(Native Method)
	at sun.reflect.NativeMethodAccessorImpl.invoke(NativeMethodAccessorImpl.java:62)
	at sun.reflect.DelegatingMethodAccessorImpl.invoke(DelegatingMethodAccessorImpl.java:43)
	at java.lang.reflect.Method.invoke(Method.java:498)
	at cucumber.runtime.Utils$1.call(Utils.java:40)
	at cucumber.runtime.Timeout.timeout(Timeout.java:16)
	at cucumber.runtime.Utils.invoke(Utils.java:34)
	at cucumber.runtime.java.JavaStepDefinition.execute(JavaStepDefinition.java:38)
	at cucumber.runtime.StepDefinitionMatch.runStep(StepDefinitionMatch.java:37)
	at cucumber.runtime.Runtime.runStep(Runtime.java:300)
	at cucumber.runtime.model.StepContainer.runStep(StepContainer.java:44)
	at cucumber.runtime.model.StepContainer.runSteps(StepContainer.java:39)
	at cucumber.runtime.model.CucumberScenario.runBackground(CucumberScenario.java:59)
	at cucumber.runtime.model.CucumberScenario.run(CucumberScenario.java:42)
	at cucumber.runtime.junit.ExecutionUnitRunner.run(ExecutionUnitRunner.java:102)
	at org.junit.runners.Suite.runChild(Suite.java:127)
	at org.junit.runners.Suite.runChild(Suite.java:26)
	at org.junit.runners.ParentRunner$3.run(ParentRunner.java:238)
	at org.junit.runners.ParentRunner$1.schedule(ParentRunner.java:63)
	at org.junit.runners.ParentRunner.runChildren(ParentRunner.java:236)
	at org.junit.runners.ParentRunner.access$000(ParentRunner.java:53)
	at org.junit.runners.ParentRunner$2.evaluate(ParentRunner.java:229)
	at org.junit.runners.ParentRunner.run(ParentRunner.java:309)
	at cucumber.runtime.junit.ExamplesRunner.run(ExamplesRunner.java:59)
	at org.junit.runners.Suite.runChild(Suite.java:127)
	at org.junit.runners.Suite.runChild(Suite.java:26)
	at org.junit.runners.ParentRunner$3.run(ParentRunner.java:238)
	at org.junit.runners.ParentRunner$1.schedule(ParentRunner.java:63)
	at org.junit.runners.ParentRunner.runChildren(ParentRunner.java:236)
	at org.junit.runners.ParentRunner.access$000(ParentRunner.java:53)
	at org.junit.runners.ParentRunner$2.evaluate(ParentRunner.java:229)
	at org.junit.runners.ParentRunner.run(ParentRunner.java:309)
	at cucumber.runtime.junit.ScenarioOutlineRunner.run(ScenarioOutlineRunner.java:53)
	at cucumber.runtime.junit.FeatureRunner.runChild(FeatureRunner.java:63)
	at cucumber.runtime.junit.FeatureRunner.runChild(FeatureRunner.java:18)
	at org.junit.runners.ParentRunner$3.run(ParentRunner.java:238)
	at org.junit.runners.ParentRunner$1.schedule(ParentRunner.java:63)
	at org.junit.runners.ParentRunner.runChildren(ParentRunner.java:236)
	at org.junit.runners.ParentRunner.access$000(ParentRunner.java:53)
	at org.junit.runners.ParentRunner$2.evaluate(ParentRunner.java:229)
	at org.junit.runners.ParentRunner.run(ParentRunner.java:309)
	at cucumber.runtime.junit.FeatureRunner.run(FeatureRunner.java:70)
	at cucumber.api.junit.Cucumber.runChild(Cucumber.java:95)
	at cucumber.api.junit.Cucumber.runChild(Cucumber.java:38)
	at org.junit.runners.ParentRunner$3.run(ParentRunner.java:238)
	at org.junit.runners.ParentRunner$1.schedule(ParentRunner.java:63)
	at org.junit.runners.ParentRunner.runChildren(ParentRunner.java:236)
	at org.junit.runners.ParentRunner.access$000(ParentRunner.java:53)
	at org.junit.runners.ParentRunner$2.evaluate(ParentRunner.java:229)
	at org.junit.internal.runners.statements.RunBefores.evaluate(RunBefores.java:26)
	at org.junit.runners.ParentRunner.run(ParentRunner.java:309)
	at cucumber.api.junit.Cucumber.run(Cucumber.java:100)
	at org.eclipse.jdt.internal.junit4.runner.JUnit4TestReference.run(JUnit4TestReference.java:86)
	at org.eclipse.jdt.internal.junit.runner.TestExecution.run(TestExecution.java:38)
	at org.eclipse.jdt.internal.junit.runner.RemoteTestRunner.runTests(RemoteTestRunner.java:538)
	at org.eclipse.jdt.internal.junit.runner.RemoteTestRunner.runTests(RemoteTestRunner.java:760)
	at org.eclipse.jdt.internal.junit.runner.RemoteTestRunner.run(RemoteTestRunner.java:460)
	at org.eclipse.jdt.internal.junit.runner.RemoteTestRunner.main(RemoteTestRunner.java:206)
</pre></td>
</tr>
<tr>
<td class='status skip' title='skip' alt='skip'><i class='mdi-content-redo'></i></td>
<td class='timestamp'>00:07:41</td>
<td class='step-name'>When I enter user as "IamTrying"</td>
<td class='step-details'>SKIPPED</td>
</tr>
<tr>
<td class='status skip' title='skip' alt='skip'><i class='mdi-content-redo'></i></td>
<td class='timestamp'>00:07:41</td>
<td class='step-name'>And I enter pass as "ToAccess"</td>
<td class='step-details'>SKIPPED</td>
</tr>
<tr>
<td class='status skip' title='skip' alt='skip'><i class='mdi-content-redo'></i></td>
<td class='timestamp'>00:07:41</td>
<td class='step-name'>And I click on the Login Button</td>
<td class='step-details'>SKIPPED</td>
</tr>
<tr>
<td class='status skip' title='skip' alt='skip'><i class='mdi-content-redo'></i></td>
<td class='timestamp'>00:07:41</td>
<td class='step-name'>Then I should not login on the Webpage</td>
<td class='step-details'>SKIPPED</td>
</tr>
</tbody>
</table>
</div>
</div>
</li>
</ul>
</div>
</div>
</li>
<li class='collection-item test displayed active fail hasChildren' extentid='f0adafe9-7d15-4234-b39d-7571c4aef545'>
<div class='test-head'>
<span class='test-name'>Feature: FacebookLogin </span>
<span class='test-status label right outline capitalize fail'>fail</span>
<span class='category-assigned hide  @smoketest @validtest'></span>
</div>
<div class='test-body'>
<div class='test-info'>
<span title='Test started time' alt='Test started time' class='test-started-time label green lighten-1 text-white'>14-01-2018 00:07:42</span>
<span title='Test ended time' alt='Test ended time' class='test-ended-time label red lighten-1 text-white'>14-01-2018 00:08:28</span>
<span title='Time taken to finish' alt='Time taken to finish' class='test-time-taken label blue-grey lighten-3 text-white'>0h 0m 45s+797ms</span>
</div>
<div class='test-desc'></div>
<div class='test-attributes'>
<div class='categories'>
<span class='category text-white'>@SmokeTest</span>
<span class='category text-white'>@ValidTest</span>
</div>
</div>
<div class='test-steps'>
<table class='bordered table-results'>
<thead>
<tr>
<th>Status</th>
<th>Timestamp</th>
<th>Details</th>
</tr>
</thead>
<tbody>
</tbody>
</table>
<ul class='collapsible node-list' data-collapsible='accordion'>
<li class='displayed fail node-1x'>
<div class='collapsible-header test-node fail'>
<div class='right test-info'>
<span title='Test started time' alt='Test started time' class='test-started-time label green lighten-2 text-white'>14-01-2018 00:07:42</span>
<span title='Test ended time' alt='Test ended time' class='test-ended-time label red lighten-2 text-white'>14-01-2018 00:08:28</span>
<span title='Time taken to finish' alt='Time taken to finish' class='test-time-taken label blue-grey lighten-2 text-white'>0h 0m 45s+796ms</span>
<span class='test-status label outline capitalize fail'>fail</span>
</div>
<div class='test-node-name'>Scenario: ValidLogin</div>
<div class='test-node-desc'></div>
</div>
<div class='collapsible-body'>
<div class='test-steps'>
<table class='bordered table-results'>
<thead>
<tr>
<th>Status</th>
<th>Timestamp</th>
<th>StepName</th>
<th>Details</th>
</tr>
</thead>
<tbody>
<tr>
<td class='status fail' title='fail' alt='fail'><i class='mdi-navigation-cancel'></i></td>
<td class='timestamp'>00:08:28</td>
<td class='step-name'>Given I go to URL on the browser</td>
<td class='step-details'><pre>org.openqa.selenium.WebDriverException: Failed to connect to binary FirefoxBinary(C:\Program Files\Mozilla Firefox\firefox.exe) on port 7055; process output follows: 
":"Mozilla","homepageURL":null,"contributors":["Mozilla Contributors"]},"visible":true,"active":true,"userDisabled":false,"appDisabled":false,"descriptor":"C:\\Program Files\\Mozilla Firefox\\browser\\extensions\\{972ce4c6-7e08-4474-a285-3208198ce6fd}.xpi","installDate":1477964945828,"updateDate":1477964945828,"applyBackgroundUpdates":1,"skinnable":true,"size":22012,"sourceURI":null,"releaseNotesURI":null,"softDisabled":false,"foreignInstall":false,"hasBinaryComponents":false,"strictCompatibility":true,"locales":[],"targetApplications":[{"id":"{ec8030f7-c20a-464f-9b0e-13a3a9e97384}","minVersion":"47.0.2","maxVersion":"47.0.2"}],"targetPlatforms":[],"seen":true}
1515888463709	addons.xpi	DEBUG	getModTime: Recursive scan of {972ce4c6-7e08-4474-a285-3208198ce6fd}
1515888463712	DeferredSave.extensions.json	DEBUG	Save changes
1515888463712	addons.xpi	DEBUG	Updating database with changes to installed add-ons
1515888463712	addons.xpi-utils	DEBUG	Updating add-on states
1515888463713	addons.xpi-utils	DEBUG	Writing add-ons list
1515888463718	addons.xpi	DEBUG	Registering manifest for C:\Program Files\Mozilla Firefox\browser\features\e10srollout@mozilla.org.xpi
1515888463719	addons.xpi	DEBUG	Calling bootstrap method startup on e10srollout@mozilla.org version 1.0
1515888463719	addons.xpi	DEBUG	Registering manifest for C:\Program Files\Mozilla Firefox\browser\features\firefox@getpocket.com.xpi
1515888463720	addons.xpi	DEBUG	Calling bootstrap method startup on firefox@getpocket.com version 1.0.2
1515888463722	addons.xpi	DEBUG	Registering manifest for C:\Program Files\Mozilla Firefox\browser\features\loop@mozilla.org.xpi
1515888463723	addons.xpi	DEBUG	Calling bootstrap method startup on loop@mozilla.org version 1.3.2
1515888463746	addons.xpi	DEBUG	Registering manifest for C:\Program Files\Mozilla Firefox\browser\features\websensehelper@mozilla.org.xpi
1515888463746	addons.xpi	DEBUG	Calling bootstrap method startup on websensehelper@mozilla.org version 1.0
1515888463750	addons.manager	DEBUG	Registering shutdown blocker for XPIProvider
1515888463750	addons.manager	DEBUG	Provider finished startup: XPIProvider
1515888463750	addons.manager	DEBUG	Starting provider: LightweightThemeManager
1515888463750	addons.manager	DEBUG	Registering shutdown blocker for LightweightThemeManager
1515888463751	addons.manager	DEBUG	Provider finished startup: LightweightThemeManager
1515888463751	addons.manager	DEBUG	Starting provider: GMPProvider
1515888463768	addons.manager	DEBUG	Registering shutdown blocker for GMPProvider
1515888463769	addons.manager	DEBUG	Provider finished startup: GMPProvider
1515888463769	addons.manager	DEBUG	Starting provider: PluginProvider
1515888463769	addons.manager	DEBUG	Registering shutdown blocker for PluginProvider
1515888463770	addons.manager	DEBUG	Provider finished startup: PluginProvider
1515888463770	addons.manager	DEBUG	Completed startup sequence
1515888464174	addons.manager	DEBUG	Starting provider: <unnamed-provider>
1515888464174	addons.manager	DEBUG	Registering shutdown blocker for <unnamed-provider>
1515888464174	addons.manager	DEBUG	Provider finished startup: <unnamed-provider>
1515888464661	DeferredSave.extensions.json	DEBUG	Write succeeded
1515888464662	addons.xpi-utils	DEBUG	XPI Database saved, setting schema version preference to 17
1515888464662	DeferredSave.extensions.json	DEBUG	Starting timer
1515888464696	DeferredSave.extensions.json	DEBUG	Starting write
1515888464719	addons.repository	DEBUG	No addons.json found.
1515888464720	DeferredSave.addons.json	DEBUG	Save changes
1515888464724	DeferredSave.addons.json	DEBUG	Starting timer
1515888464756	addons.manager	DEBUG	Starting provider: PreviousExperimentProvider
1515888464756	addons.manager	DEBUG	Registering shutdown blocker for PreviousExperimentProvider
1515888464756	addons.manager	DEBUG	Provider finished startup: PreviousExperimentProvider
1515888464768	DeferredSave.extensions.json	DEBUG	Write succeeded
1515888464782	DeferredSave.addons.json	DEBUG	Starting write
1515888464803	DeferredSave.addons.json	DEBUG	Write succeeded

Build info: version: '2.52.0', revision: '4c2593cfc3689a7fcd7be52549167e5ccc93ad28', time: '2016-02-11 11:22:43'
System info: host: 'Pravin-PC', ip: '192.168.1.121', os.name: 'Windows 10', os.arch: 'amd64', os.version: '10.0', java.version: '1.8.0_152'
Driver info: driver.version: Driver
	at org.openqa.selenium.firefox.internal.NewProfileExtensionConnection.start(NewProfileExtensionConnection.java:125)
	at org.openqa.selenium.firefox.FirefoxDriver.startClient(FirefoxDriver.java:271)
	at org.openqa.selenium.remote.RemoteWebDriver.<init>(RemoteWebDriver.java:119)
	at org.openqa.selenium.firefox.FirefoxDriver.<init>(FirefoxDriver.java:216)
	at org.openqa.selenium.firefox.FirefoxDriver.<init>(FirefoxDriver.java:211)
	at org.openqa.selenium.firefox.FirefoxDriver.<init>(FirefoxDriver.java:128)
	at com.face.bdd.baseclass.Driver.initialiseDriver(Driver.java:50)
	at com.face.bdd.baseclass.Driver.OpenURL(Driver.java:108)
	at com.face.bdd.stepdefinitions.ValidLogin.I_go_to_URL_on_the_browser(ValidLogin.java:29)
	at ?.Given I go to URL on the browser(com/face/bdd/ValLogin.feature:7)
Caused by: org.openqa.selenium.firefox.NotConnectedException: Unable to connect to host 127.0.0.1 on port 7055 after 45000 ms. Firefox console output:
":"Mozilla","homepageURL":null,"contributors":["Mozilla Contributors"]},"visible":true,"active":true,"userDisabled":false,"appDisabled":false,"descriptor":"C:\\Program Files\\Mozilla Firefox\\browser\\extensions\\{972ce4c6-7e08-4474-a285-3208198ce6fd}.xpi","installDate":1477964945828,"updateDate":1477964945828,"applyBackgroundUpdates":1,"skinnable":true,"size":22012,"sourceURI":null,"releaseNotesURI":null,"softDisabled":false,"foreignInstall":false,"hasBinaryComponents":false,"strictCompatibility":true,"locales":[],"targetApplications":[{"id":"{ec8030f7-c20a-464f-9b0e-13a3a9e97384}","minVersion":"47.0.2","maxVersion":"47.0.2"}],"targetPlatforms":[],"seen":true}
1515888463709	addons.xpi	DEBUG	getModTime: Recursive scan of {972ce4c6-7e08-4474-a285-3208198ce6fd}
1515888463712	DeferredSave.extensions.json	DEBUG	Save changes
1515888463712	addons.xpi	DEBUG	Updating database with changes to installed add-ons
1515888463712	addons.xpi-utils	DEBUG	Updating add-on states
1515888463713	addons.xpi-utils	DEBUG	Writing add-ons list
1515888463718	addons.xpi	DEBUG	Registering manifest for C:\Program Files\Mozilla Firefox\browser\features\e10srollout@mozilla.org.xpi
1515888463719	addons.xpi	DEBUG	Calling bootstrap method startup on e10srollout@mozilla.org version 1.0
1515888463719	addons.xpi	DEBUG	Registering manifest for C:\Program Files\Mozilla Firefox\browser\features\firefox@getpocket.com.xpi
1515888463720	addons.xpi	DEBUG	Calling bootstrap method startup on firefox@getpocket.com version 1.0.2
1515888463722	addons.xpi	DEBUG	Registering manifest for C:\Program Files\Mozilla Firefox\browser\features\loop@mozilla.org.xpi
1515888463723	addons.xpi	DEBUG	Calling bootstrap method startup on loop@mozilla.org version 1.3.2
1515888463746	addons.xpi	DEBUG	Registering manifest for C:\Program Files\Mozilla Firefox\browser\features\websensehelper@mozilla.org.xpi
1515888463746	addons.xpi	DEBUG	Calling bootstrap method startup on websensehelper@mozilla.org version 1.0
1515888463750	addons.manager	DEBUG	Registering shutdown blocker for XPIProvider
1515888463750	addons.manager	DEBUG	Provider finished startup: XPIProvider
1515888463750	addons.manager	DEBUG	Starting provider: LightweightThemeManager
1515888463750	addons.manager	DEBUG	Registering shutdown blocker for LightweightThemeManager
1515888463751	addons.manager	DEBUG	Provider finished startup: LightweightThemeManager
1515888463751	addons.manager	DEBUG	Starting provider: GMPProvider
1515888463768	addons.manager	DEBUG	Registering shutdown blocker for GMPProvider
1515888463769	addons.manager	DEBUG	Provider finished startup: GMPProvider
1515888463769	addons.manager	DEBUG	Starting provider: PluginProvider
1515888463769	addons.manager	DEBUG	Registering shutdown blocker for PluginProvider
1515888463770	addons.manager	DEBUG	Provider finished startup: PluginProvider
1515888463770	addons.manager	DEBUG	Completed startup sequence
1515888464174	addons.manager	DEBUG	Starting provider: <unnamed-provider>
1515888464174	addons.manager	DEBUG	Registering shutdown blocker for <unnamed-provider>
1515888464174	addons.manager	DEBUG	Provider finished startup: <unnamed-provider>
1515888464661	DeferredSave.extensions.json	DEBUG	Write succeeded
1515888464662	addons.xpi-utils	DEBUG	XPI Database saved, setting schema version preference to 17
1515888464662	DeferredSave.extensions.json	DEBUG	Starting timer
1515888464696	DeferredSave.extensions.json	DEBUG	Starting write
1515888464719	addons.repository	DEBUG	No addons.json found.
1515888464720	DeferredSave.addons.json	DEBUG	Save changes
1515888464724	DeferredSave.addons.json	DEBUG	Starting timer
1515888464756	addons.manager	DEBUG	Starting provider: PreviousExperimentProvider
1515888464756	addons.manager	DEBUG	Registering shutdown blocker for PreviousExperimentProvider
1515888464756	addons.manager	DEBUG	Provider finished startup: PreviousExperimentProvider
1515888464768	DeferredSave.extensions.json	DEBUG	Write succeeded
1515888464782	DeferredSave.addons.json	DEBUG	Starting write
1515888464803	DeferredSave.addons.json	DEBUG	Write succeeded

	at org.openqa.selenium.firefox.internal.NewProfileExtensionConnection.start(NewProfileExtensionConnection.java:113)
	at org.openqa.selenium.firefox.FirefoxDriver.startClient(FirefoxDriver.java:271)
	at org.openqa.selenium.remote.RemoteWebDriver.<init>(RemoteWebDriver.java:119)
	at org.openqa.selenium.firefox.FirefoxDriver.<init>(FirefoxDriver.java:216)
	at org.openqa.selenium.firefox.FirefoxDriver.<init>(FirefoxDriver.java:211)
	at org.openqa.selenium.firefox.FirefoxDriver.<init>(FirefoxDriver.java:128)
	at com.face.bdd.baseclass.Driver.initialiseDriver(Driver.java:50)
	at com.face.bdd.baseclass.Driver.OpenURL(Driver.java:108)
	at com.face.bdd.stepdefinitions.ValidLogin.I_go_to_URL_on_the_browser(ValidLogin.java:29)
	at sun.reflect.NativeMethodAccessorImpl.invoke0(Native Method)
	at sun.reflect.NativeMethodAccessorImpl.invoke(NativeMethodAccessorImpl.java:62)
	at sun.reflect.DelegatingMethodAccessorImpl.invoke(DelegatingMethodAccessorImpl.java:43)
	at java.lang.reflect.Method.invoke(Method.java:498)
	at cucumber.runtime.Utils$1.call(Utils.java:40)
	at cucumber.runtime.Timeout.timeout(Timeout.java:16)
	at cucumber.runtime.Utils.invoke(Utils.java:34)
	at cucumber.runtime.java.JavaStepDefinition.execute(JavaStepDefinition.java:38)
	at cucumber.runtime.StepDefinitionMatch.runStep(StepDefinitionMatch.java:37)
	at cucumber.runtime.Runtime.runStep(Runtime.java:300)
	at cucumber.runtime.model.StepContainer.runStep(StepContainer.java:44)
	at cucumber.runtime.model.StepContainer.runSteps(StepContainer.java:39)
	at cucumber.runtime.model.CucumberScenario.runBackground(CucumberScenario.java:59)
	at cucumber.runtime.model.CucumberScenario.run(CucumberScenario.java:42)
	at cucumber.runtime.junit.ExecutionUnitRunner.run(ExecutionUnitRunner.java:102)
	at cucumber.runtime.junit.FeatureRunner.runChild(FeatureRunner.java:63)
	at cucumber.runtime.junit.FeatureRunner.runChild(FeatureRunner.java:18)
	at org.junit.runners.ParentRunner$3.run(ParentRunner.java:238)
	at org.junit.runners.ParentRunner$1.schedule(ParentRunner.java:63)
	at org.junit.runners.ParentRunner.runChildren(ParentRunner.java:236)
	at org.junit.runners.ParentRunner.access$000(ParentRunner.java:53)
	at org.junit.runners.ParentRunner$2.evaluate(ParentRunner.java:229)
	at org.junit.runners.ParentRunner.run(ParentRunner.java:309)
	at cucumber.runtime.junit.FeatureRunner.run(FeatureRunner.java:70)
	at cucumber.api.junit.Cucumber.runChild(Cucumber.java:95)
	at cucumber.api.junit.Cucumber.runChild(Cucumber.java:38)
	at org.junit.runners.ParentRunner$3.run(ParentRunner.java:238)
	at org.junit.runners.ParentRunner$1.schedule(ParentRunner.java:63)
	at org.junit.runners.ParentRunner.runChildren(ParentRunner.java:236)
	at org.junit.runners.ParentRunner.access$000(ParentRunner.java:53)
	at org.junit.runners.ParentRunner$2.evaluate(ParentRunner.java:229)
	at org.junit.internal.runners.statements.RunBefores.evaluate(RunBefores.java:26)
	at org.junit.runners.ParentRunner.run(ParentRunner.java:309)
	at cucumber.api.junit.Cucumber.run(Cucumber.java:100)
	at org.eclipse.jdt.internal.junit4.runner.JUnit4TestReference.run(JUnit4TestReference.java:86)
	at org.eclipse.jdt.internal.junit.runner.TestExecution.run(TestExecution.java:38)
	at org.eclipse.jdt.internal.junit.runner.RemoteTestRunner.runTests(RemoteTestRunner.java:538)
	at org.eclipse.jdt.internal.junit.runner.RemoteTestRunner.runTests(RemoteTestRunner.java:760)
	at org.eclipse.jdt.internal.junit.runner.RemoteTestRunner.run(RemoteTestRunner.java:460)
	at org.eclipse.jdt.internal.junit.runner.RemoteTestRunner.main(RemoteTestRunner.java:206)
</pre></td>
</tr>
<tr>
<td class='status skip' title='skip' alt='skip'><i class='mdi-content-redo'></i></td>
<td class='timestamp'>00:08:28</td>
<td class='step-name'>When I enter my username as "pravinkumar_12@hotmail.com"</td>
<td class='step-details'>SKIPPED</td>
</tr>
<tr>
<td class='status skip' title='skip' alt='skip'><i class='mdi-content-redo'></i></td>
<td class='timestamp'>00:08:28</td>
<td class='step-name'>And I enter my password as "London@123"</td>
<td class='step-details'>SKIPPED</td>
</tr>
<tr>
<td class='status skip' title='skip' alt='skip'><i class='mdi-content-redo'></i></td>
<td class='timestamp'>00:08:28</td>
<td class='step-name'>And I click on the Login button</td>
<td class='step-details'>SKIPPED</td>
</tr>
<tr>
<td class='status skip' title='skip' alt='skip'><i class='mdi-content-redo'></i></td>
<td class='timestamp'>00:08:28</td>
<td class='step-name'>And I should login successfully</td>
<td class='step-details'>SKIPPED</td>
</tr>
<tr>
<td class='status skip' title='skip' alt='skip'><i class='mdi-content-redo'></i></td>
<td class='timestamp'>00:08:28</td>
<td class='step-name'>And I click on the Settings</td>
<td class='step-details'>SKIPPED</td>
</tr>
<tr>
<td class='status skip' title='skip' alt='skip'><i class='mdi-content-redo'></i></td>
<td class='timestamp'>00:08:28</td>
<td class='step-name'>And I click on the Logout</td>
<td class='step-details'>SKIPPED</td>
</tr>
<tr>
<td class='status skip' title='skip' alt='skip'><i class='mdi-content-redo'></i></td>
<td class='timestamp'>00:08:28</td>
<td class='step-name'>Then I should be logged off successfully</td>
<td class='step-details'>SKIPPED</td>
</tr>
</tbody>
</table>
</div>
</div>
</li>
</ul>
</div>
</div>
</li>
</ul>
</div>
</div>
</div>
</div>
<div id='test-details-wrapper' class='col _addedCell2'>
<div class='contents'>
<div class='card-panel details-view'>
<h5 class='details-name'></h5>
<div class='step-filters right'>
<span class='info' alt='info' title='info'><i class='mdi-action-info-outline'></i></span>
<span class='pass' alt='pass' title='pass'><i class='mdi-action-check-circle'></i></span>
<span class='fail' alt='fail' title='fail'><i class='mdi-navigation-cancel'></i></span>
<span class='fatal' alt='fatal' title='fatal'><i class='mdi-navigation-cancel'></i></span>
<span class='error' alt='error' title='error'><i class='mdi-alert-error'></i></span>
<span class='warning' alt='warning' title='warning'><i class='mdi-alert-warning'></i></span>
<span class='skip' alt='skip' title='skip'><i class='mdi-content-redo'></i></span>
<span class='clear-step-filter' alt='Clear filters' title='Clear filters'><i class='mdi-content-clear'></i></span>
</div>
<div class='details-container'>
</div>
</div>
</div>
</div>
</div>
<!-- /tests -->

<!-- categories -->
<div id='categories-view' class='row _addedTable hide'>
<div class='col _addedCell1'>
<div class='contents'>
<div class='card-panel heading'>
<h5>Categories</h5>
</div>
<div class='card-panel filters'>
<div class='search' alt='Search tests' title='Search tests'>
<div class='input-field left'>
<input id='searchTests' type='text' class='validate' placeholder='Search tests...'>
</div>
<i class='mdi-action-search icon'></i>
</div>
</div>
<div class='card-panel no-padding-h no-padding-v'>
<div class='wrapper'>
<ul id='cat-collection' class='cat-collection'>
<li class='category-item displayed'>
<div class='cat-head'>
<span class='category-name'>@InvalidTest</span>
</div>
<div class='category-status-counts'>
<span class='fail label dot'>Fail: 3</span>
</div>
<div class='cat-body'>
<div class='category-status-counts'>
<div class='button-group'>
<a href='#!' class='pass label filter'>Pass <span class='icon'>0</span></a>
<a href='#!' class='fail label filter'>Fail <span class='icon'>3</span></a>
<a href='#!' class='other label filter'>Others <span class='icon'>0</span></a>
</div>
</div>
<div class='cat-tests'>
<table class='bordered'>
<thead>
<tr>
<th>RunDate</th>
<th>Test Name</th>
<th>Status</th>
</tr>
</thead>
<tbody>
<tr class='fail'>
<td>14-01-2018 00:06:08</td>
<td><span class='category-link linked' extentid='a9c47278-afd9-48d4-b445-e96528800ef8'>Scenario:</span></td>
<td><div class='status label capitalize fail'>fail</div></td>
</tr>
<tr class='fail'>
<td>14-01-2018 00:06:56</td>
<td><span class='category-link linked' extentid='7ca55621-7aca-4d7f-ae29-0be75c8fb4e8'>Scenario:</span></td>
<td><div class='status label capitalize fail'>fail</div></td>
</tr>
<tr class='fail'>
<td>14-01-2018 00:06:08</td>
<td><span class='category-link linked' extentid='9ad9f393-ae82-497e-b1c4-a1e19232a988'>Feature: InvalidLogin</span></td>
<td><div class='status label capitalize fail'>fail</div></td>
</tr>
<tbody>
</table>
</div>
</div> 
</li>
<li class='category-item displayed'>
<div class='cat-head'>
<span class='category-name'>@SmokeTest</span>
</div>
<div class='category-status-counts'>
<span class='fail label dot'>Fail: 4</span>
</div>
<div class='cat-body'>
<div class='category-status-counts'>
<div class='button-group'>
<a href='#!' class='pass label filter'>Pass <span class='icon'>0</span></a>
<a href='#!' class='fail label filter'>Fail <span class='icon'>4</span></a>
<a href='#!' class='other label filter'>Others <span class='icon'>0</span></a>
</div>
</div>
<div class='cat-tests'>
<table class='bordered'>
<thead>
<tr>
<th>RunDate</th>
<th>Test Name</th>
<th>Status</th>
</tr>
</thead>
<tbody>
<tr class='fail'>
<td>14-01-2018 00:06:08</td>
<td><span class='category-link linked' extentid='a9c47278-afd9-48d4-b445-e96528800ef8'>Scenario:</span></td>
<td><div class='status label capitalize fail'>fail</div></td>
</tr>
<tr class='fail'>
<td>14-01-2018 00:06:56</td>
<td><span class='category-link linked' extentid='7ca55621-7aca-4d7f-ae29-0be75c8fb4e8'>Scenario:</span></td>
<td><div class='status label capitalize fail'>fail</div></td>
</tr>
<tr class='fail'>
<td>14-01-2018 00:06:08</td>
<td><span class='category-link linked' extentid='9ad9f393-ae82-497e-b1c4-a1e19232a988'>Feature: InvalidLogin</span></td>
<td><div class='status label capitalize fail'>fail</div></td>
</tr>
<tr class='fail'>
<td>14-01-2018 00:07:42</td>
<td><span class='category-link linked' extentid='f0adafe9-7d15-4234-b39d-7571c4aef545'>Feature: FacebookLogin</span></td>
<td><div class='status label capitalize fail'>fail</div></td>
</tr>
<tbody>
</table>
</div>
</div> 
</li>
<li class='category-item displayed'>
<div class='cat-head'>
<span class='category-name'>@ValidTest</span>
</div>
<div class='category-status-counts'>
<span class='fail label dot'>Fail: 2</span>
</div>
<div class='cat-body'>
<div class='category-status-counts'>
<div class='button-group'>
<a href='#!' class='pass label filter'>Pass <span class='icon'>0</span></a>
<a href='#!' class='fail label filter'>Fail <span class='icon'>2</span></a>
<a href='#!' class='other label filter'>Others <span class='icon'>0</span></a>
</div>
</div>
<div class='cat-tests'>
<table class='bordered'>
<thead>
<tr>
<th>RunDate</th>
<th>Test Name</th>
<th>Status</th>
</tr>
</thead>
<tbody>
<tr class='fail'>
<td>14-01-2018 00:07:42</td>
<td><span class='category-link linked' extentid='179f24d1-4beb-4834-92bf-53755a06803a'>Scenario: ValidLogin</span></td>
<td><div class='status label capitalize fail'>fail</div></td>
</tr>
<tr class='fail'>
<td>14-01-2018 00:07:42</td>
<td><span class='category-link linked' extentid='f0adafe9-7d15-4234-b39d-7571c4aef545'>Feature: FacebookLogin</span></td>
<td><div class='status label capitalize fail'>fail</div></td>
</tr>
<tbody>
</table>
</div>
</div> 
</li>
</ul>
</div>
</div>
</div>
</div>
<div id='cat-details-wrapper' class='col _addedCell2'>
<div class='contents'>
<div class='card-panel details-view'>
<h5 class='cat-name'></h5>
<div class='cat-container'>
</div>
</div>
</div>
</div>
</div>
<!-- /categories -->

<!-- exceptions -->
<div id='exceptions-view' class='row _addedTable hide'>
<div class='col _addedCell1'>
<div class='contents'>
<div class='card-panel heading'>
<h5>Defects</h5>
</div>
<div class='card-panel filters'>
<div class='search' alt='Search tests' title='Search tests'>
<div class='input-field left'>
<input id='searchTests' type='text' class='validate' placeholder='Search tests...'>
</div>
<i class='mdi-action-search icon'></i>
</div>
</div>
<div class='card-panel no-padding-h no-padding-v'>
<div class='wrapper'>
<ul id='exception-collection' class='exception-collection'>
<li class='exception-item displayed'>
<div class='exception-head'>
<span class='exception-name'>org.openqa.selenium.WebDriverException</span>
</div>
<div class='exception-test-count'>
<span class='fail label'>1</span>
</div>
<div class='exception-body'>
<div class='exception-tests'>
<table class='bordered'>
<thead>
<tr>
<th>RunDate</th>
<th>Test Name</th>
<th>Exception</th>
</tr>
</thead>
<tbody>
<tr class='fail'>
<td>14-01-2018 00:06:08</td>
<td><span class='exception-link linked' extentid='a9c47278-afd9-48d4-b445-e96528800ef8'>Scenario:</span></td>
<td><pre class='exception-message'>org.openqa.selenium.WebDriverException: Failed to connect to binary FirefoxBinary(C:\Program Files\Mozilla Firefox\firefox.exe) on port 7055; process output follows: 
8371557	addons.xpi	DEBUG	Calling bootstrap method startup on e10srollout@mozilla.org version 1.0
1515888371557	addons.xpi	DEBUG	Registering manifest for C:\Program Files\Mozilla Firefox\browser\features\firefox@getpocket.com.xpi
1515888371558	addons.xpi	DEBUG	Calling bootstrap method startup on firefox@getpocket.com version 1.0.2
1515888371559	addons.xpi	DEBUG	Registering manifest for C:\Program Files\Mozilla Firefox\browser\features\loop@mozilla.org.xpi
1515888371560	addons.xpi	DEBUG	Calling bootstrap method startup on loop@mozilla.org version 1.3.2
1515888371582	addons.xpi	DEBUG	Registering manifest for C:\Program Files\Mozilla Firefox\browser\features\websensehelper@mozilla.org.xpi
1515888371583	addons.xpi	DEBUG	Calling bootstrap method startup on websensehelper@mozilla.org version 1.0
1515888371586	addons.manager	DEBUG	Registering shutdown blocker for XPIProvider
1515888371587	addons.manager	DEBUG	Provider finished startup: XPIProvider
1515888371587	addons.manager	DEBUG	Starting provider: LightweightThemeManager
1515888371587	addons.manager	DEBUG	Registering shutdown blocker for LightweightThemeManager
1515888371587	addons.manager	DEBUG	Provider finished startup: LightweightThemeManager
1515888371588	addons.manager	DEBUG	Starting provider: GMPProvider
1515888371600	addons.manager	DEBUG	Registering shutdown blocker for GMPProvider
1515888371601	addons.manager	DEBUG	Provider finished startup: GMPProvider
1515888371601	addons.manager	DEBUG	Starting provider: PluginProvider
1515888371601	addons.manager	DEBUG	Registering shutdown blocker for PluginProvider
1515888371601	addons.manager	DEBUG	Provider finished startup: PluginProvider
1515888371602	addons.manager	DEBUG	Completed startup sequence
1515888372075	addons.manager	DEBUG	Starting provider: <unnamed-provider>
1515888372075	addons.manager	DEBUG	Registering shutdown blocker for <unnamed-provider>
1515888372075	addons.manager	DEBUG	Provider finished startup: <unnamed-provider>
1515888372461	DeferredSave.extensions.json	DEBUG	Write succeeded
1515888372462	addons.xpi-utils	DEBUG	XPI Database saved, setting schema version preference to 17
1515888372462	DeferredSave.extensions.json	DEBUG	Starting timer
1515888372501	DeferredSave.extensions.json	DEBUG	Starting write
1515888372546	addons.repository	DEBUG	No addons.json found.
1515888372547	DeferredSave.addons.json	DEBUG	Save changes
1515888372551	DeferredSave.addons.json	DEBUG	Starting timer
1515888372581	addons.manager	DEBUG	Starting provider: PreviousExperimentProvider
1515888372581	addons.manager	DEBUG	Registering shutdown blocker for PreviousExperimentProvider
1515888372582	addons.manager	DEBUG	Provider finished startup: PreviousExperimentProvider
1515888372593	DeferredSave.extensions.json	DEBUG	Write succeeded
1515888372609	DeferredSave.addons.json	DEBUG	Starting write
1515888372625	DeferredSave.addons.json	DEBUG	Write succeeded
1515888404400	addons.xpi	DEBUG	Calling bootstrap method shutdown on e10srollout@mozilla.org version 1.0
1515888404400	addons.xpi	DEBUG	Calling bootstrap method shutdown on firefox@getpocket.com version 1.0.2
1515888404401	addons.xpi	DEBUG	Calling bootstrap method shutdown on loop@mozilla.org version 1.3.2
1515888404403	addons.xpi	DEBUG	Calling bootstrap method shutdown on websensehelper@mozilla.org version 1.0
1515888404577	addons.manager	DEBUG	shutdown
1515888404578	addons.manager	DEBUG	Calling shutdown blocker for XPIProvider
1515888404578	addons.xpi	DEBUG	shutdown
1515888404579	addons.xpi-utils	DEBUG	shutdown
1515888404580	addons.manager	DEBUG	Calling shutdown blocker for LightweightThemeManager
1515888404581	addons.manager	DEBUG	Calling shutdown blocker for GMPProvider
1515888404583	addons.manager	DEBUG	Calling shutdown blocker for PluginProvider
1515888404584	addons.manager	DEBUG	Calling shutdown blocker for <unnamed-provider>
1515888404586	addons.manager	DEBUG	Calling shutdown blocker for PreviousExperimentProvider
1515888404590	addons.xpi	DEBUG	Notifying XPI shutdown observers
1515888404596	addons.manager	DEBUG	Async provider shutdown done

Build info: version: '2.52.0', revision: '4c2593cfc3689a7fcd7be52549167e5ccc93ad28', time: '2016-02-11 11:22:43'
System info: host: 'Pravin-PC', ip: '192.168.1.121', os.name: 'Windows 10', os.arch: 'amd64', os.version: '10.0', java.version: '1.8.0_152'
Driver info: driver.version: Driver
	at org.openqa.selenium.firefox.internal.NewProfileExtensionConnection.start(NewProfileExtensionConnection.java:125)
	at org.openqa.selenium.firefox.FirefoxDriver.startClient(FirefoxDriver.java:271)
	at org.openqa.selenium.remote.RemoteWebDriver.<init>(RemoteWebDriver.java:119)
	at org.openqa.selenium.firefox.FirefoxDriver.<init>(FirefoxDriver.java:216)
	at org.openqa.selenium.firefox.FirefoxDriver.<init>(FirefoxDriver.java:211)
	at org.openqa.selenium.firefox.FirefoxDriver.<init>(FirefoxDriver.java:128)
	at com.face.bdd.baseclass.Driver.initialiseDriver(Driver.java:50)
	at com.face.bdd.baseclass.Driver.OpenURL(Driver.java:108)
	at com.face.bdd.stepdefinitions.InvalidLogin.I_go_to_URL_on_the_Browser(InvalidLogin.java:23)
	at ?.Given I go to URL on the Browser(com/face/bdd/InvLogin.feature:7)
Caused by: org.openqa.selenium.firefox.NotConnectedException: Unable to connect to host 127.0.0.1 on port 7055 after 45000 ms. Firefox console output:
8371557	addons.xpi	DEBUG	Calling bootstrap method startup on e10srollout@mozilla.org version 1.0
1515888371557	addons.xpi	DEBUG	Registering manifest for C:\Program Files\Mozilla Firefox\browser\features\firefox@getpocket.com.xpi
1515888371558	addons.xpi	DEBUG	Calling bootstrap method startup on firefox@getpocket.com version 1.0.2
1515888371559	addons.xpi	DEBUG	Registering manifest for C:\Program Files\Mozilla Firefox\browser\features\loop@mozilla.org.xpi
1515888371560	addons.xpi	DEBUG	Calling bootstrap method startup on loop@mozilla.org version 1.3.2
1515888371582	addons.xpi	DEBUG	Registering manifest for C:\Program Files\Mozilla Firefox\browser\features\websensehelper@mozilla.org.xpi
1515888371583	addons.xpi	DEBUG	Calling bootstrap method startup on websensehelper@mozilla.org version 1.0
1515888371586	addons.manager	DEBUG	Registering shutdown blocker for XPIProvider
1515888371587	addons.manager	DEBUG	Provider finished startup: XPIProvider
1515888371587	addons.manager	DEBUG	Starting provider: LightweightThemeManager
1515888371587	addons.manager	DEBUG	Registering shutdown blocker for LightweightThemeManager
1515888371587	addons.manager	DEBUG	Provider finished startup: LightweightThemeManager
1515888371588	addons.manager	DEBUG	Starting provider: GMPProvider
1515888371600	addons.manager	DEBUG	Registering shutdown blocker for GMPProvider
1515888371601	addons.manager	DEBUG	Provider finished startup: GMPProvider
1515888371601	addons.manager	DEBUG	Starting provider: PluginProvider
1515888371601	addons.manager	DEBUG	Registering shutdown blocker for PluginProvider
1515888371601	addons.manager	DEBUG	Provider finished startup: PluginProvider
1515888371602	addons.manager	DEBUG	Completed startup sequence
1515888372075	addons.manager	DEBUG	Starting provider: <unnamed-provider>
1515888372075	addons.manager	DEBUG	Registering shutdown blocker for <unnamed-provider>
1515888372075	addons.manager	DEBUG	Provider finished startup: <unnamed-provider>
1515888372461	DeferredSave.extensions.json	DEBUG	Write succeeded
1515888372462	addons.xpi-utils	DEBUG	XPI Database saved, setting schema version preference to 17
1515888372462	DeferredSave.extensions.json	DEBUG	Starting timer
1515888372501	DeferredSave.extensions.json	DEBUG	Starting write
1515888372546	addons.repository	DEBUG	No addons.json found.
1515888372547	DeferredSave.addons.json	DEBUG	Save changes
1515888372551	DeferredSave.addons.json	DEBUG	Starting timer
1515888372581	addons.manager	DEBUG	Starting provider: PreviousExperimentProvider
1515888372581	addons.manager	DEBUG	Registering shutdown blocker for PreviousExperimentProvider
1515888372582	addons.manager	DEBUG	Provider finished startup: PreviousExperimentProvider
1515888372593	DeferredSave.extensions.json	DEBUG	Write succeeded
1515888372609	DeferredSave.addons.json	DEBUG	Starting write
1515888372625	DeferredSave.addons.json	DEBUG	Write succeeded
1515888404400	addons.xpi	DEBUG	Calling bootstrap method shutdown on e10srollout@mozilla.org version 1.0
1515888404400	addons.xpi	DEBUG	Calling bootstrap method shutdown on firefox@getpocket.com version 1.0.2
1515888404401	addons.xpi	DEBUG	Calling bootstrap method shutdown on loop@mozilla.org version 1.3.2
1515888404403	addons.xpi	DEBUG	Calling bootstrap method shutdown on websensehelper@mozilla.org version 1.0
1515888404577	addons.manager	DEBUG	shutdown
1515888404578	addons.manager	DEBUG	Calling shutdown blocker for XPIProvider
1515888404578	addons.xpi	DEBUG	shutdown
1515888404579	addons.xpi-utils	DEBUG	shutdown
1515888404580	addons.manager	DEBUG	Calling shutdown blocker for LightweightThemeManager
1515888404581	addons.manager	DEBUG	Calling shutdown blocker for GMPProvider
1515888404583	addons.manager	DEBUG	Calling shutdown blocker for PluginProvider
1515888404584	addons.manager	DEBUG	Calling shutdown blocker for <unnamed-provider>
1515888404586	addons.manager	DEBUG	Calling shutdown blocker for PreviousExperimentProvider
1515888404590	addons.xpi	DEBUG	Notifying XPI shutdown observers
1515888404596	addons.manager	DEBUG	Async provider shutdown done

	at org.openqa.selenium.firefox.internal.NewProfileExtensionConnection.start(NewProfileExtensionConnection.java:113)
	at org.openqa.selenium.firefox.FirefoxDriver.startClient(FirefoxDriver.java:271)
	at org.openqa.selenium.remote.RemoteWebDriver.<init>(RemoteWebDriver.java:119)
	at org.openqa.selenium.firefox.FirefoxDriver.<init>(FirefoxDriver.java:216)
	at org.openqa.selenium.firefox.FirefoxDriver.<init>(FirefoxDriver.java:211)
	at org.openqa.selenium.firefox.FirefoxDriver.<init>(FirefoxDriver.java:128)
	at com.face.bdd.baseclass.Driver.initialiseDriver(Driver.java:50)
	at com.face.bdd.baseclass.Driver.OpenURL(Driver.java:108)
	at com.face.bdd.stepdefinitions.InvalidLogin.I_go_to_URL_on_the_Browser(InvalidLogin.java:23)
	at sun.reflect.NativeMethodAccessorImpl.invoke0(Native Method)
	at sun.reflect.NativeMethodAccessorImpl.invoke(NativeMethodAccessorImpl.java:62)
	at sun.reflect.DelegatingMethodAccessorImpl.invoke(DelegatingMethodAccessorImpl.java:43)
	at java.lang.reflect.Method.invoke(Method.java:498)
	at cucumber.runtime.Utils$1.call(Utils.java:40)
	at cucumber.runtime.Timeout.timeout(Timeout.java:16)
	at cucumber.runtime.Utils.invoke(Utils.java:34)
	at cucumber.runtime.java.JavaStepDefinition.execute(JavaStepDefinition.java:38)
	at cucumber.runtime.StepDefinitionMatch.runStep(StepDefinitionMatch.java:37)
	at cucumber.runtime.Runtime.runStep(Runtime.java:300)
	at cucumber.runtime.model.StepContainer.runStep(StepContainer.java:44)
	at cucumber.runtime.model.StepContainer.runSteps(StepContainer.java:39)
	at cucumber.runtime.model.CucumberScenario.runBackground(CucumberScenario.java:59)
	at cucumber.runtime.model.CucumberScenario.run(CucumberScenario.java:42)
	at cucumber.runtime.junit.ExecutionUnitRunner.run(ExecutionUnitRunner.java:102)
	at org.junit.runners.Suite.runChild(Suite.java:127)
	at org.junit.runners.Suite.runChild(Suite.java:26)
	at org.junit.runners.ParentRunner$3.run(ParentRunner.java:238)
	at org.junit.runners.ParentRunner$1.schedule(ParentRunner.java:63)
	at org.junit.runners.ParentRunner.runChildren(ParentRunner.java:236)
	at org.junit.runners.ParentRunner.access$000(ParentRunner.java:53)
	at org.junit.runners.ParentRunner$2.evaluate(ParentRunner.java:229)
	at org.junit.runners.ParentRunner.run(ParentRunner.java:309)
	at cucumber.runtime.junit.ExamplesRunner.run(ExamplesRunner.java:59)
	at org.junit.runners.Suite.runChild(Suite.java:127)
	at org.junit.runners.Suite.runChild(Suite.java:26)
	at org.junit.runners.ParentRunner$3.run(ParentRunner.java:238)
	at org.junit.runners.ParentRunner$1.schedule(ParentRunner.java:63)
	at org.junit.runners.ParentRunner.runChildren(ParentRunner.java:236)
	at org.junit.runners.ParentRunner.access$000(ParentRunner.java:53)
	at org.junit.runners.ParentRunner$2.evaluate(ParentRunner.java:229)
	at org.junit.runners.ParentRunner.run(ParentRunner.java:309)
	at cucumber.runtime.junit.ScenarioOutlineRunner.run(ScenarioOutlineRunner.java:53)
	at cucumber.runtime.junit.FeatureRunner.runChild(FeatureRunner.java:63)
	at cucumber.runtime.junit.FeatureRunner.runChild(FeatureRunner.java:18)
	at org.junit.runners.ParentRunner$3.run(ParentRunner.java:238)
	at org.junit.runners.ParentRunner$1.schedule(ParentRunner.java:63)
	at org.junit.runners.ParentRunner.runChildren(ParentRunner.java:236)
	at org.junit.runners.ParentRunner.access$000(ParentRunner.java:53)
	at org.junit.runners.ParentRunner$2.evaluate(ParentRunner.java:229)
	at org.junit.runners.ParentRunner.run(ParentRunner.java:309)
	at cucumber.runtime.junit.FeatureRunner.run(FeatureRunner.java:70)
	at cucumber.api.junit.Cucumber.runChild(Cucumber.java:95)
	at cucumber.api.junit.Cucumber.runChild(Cucumber.java:38)
	at org.junit.runners.ParentRunner$3.run(ParentRunner.java:238)
	at org.junit.runners.ParentRunner$1.schedule(ParentRunner.java:63)
	at org.junit.runners.ParentRunner.runChildren(ParentRunner.java:236)
	at org.junit.runners.ParentRunner.access$000(ParentRunner.java:53)
	at org.junit.runners.ParentRunner$2.evaluate(ParentRunner.java:229)
	at org.junit.internal.runners.statements.RunBefores.evaluate(RunBefores.java:26)
	at org.junit.runners.ParentRunner.run(ParentRunner.java:309)
	at cucumber.api.junit.Cucumber.run(Cucumber.java:100)
	at org.eclipse.jdt.internal.junit4.runner.JUnit4TestReference.run(JUnit4TestReference.java:86)
	at org.eclipse.jdt.internal.junit.runner.TestExecution.run(TestExecution.java:38)
	at org.eclipse.jdt.internal.junit.runner.RemoteTestRunner.runTests(RemoteTestRunner.java:538)
	at org.eclipse.jdt.internal.junit.runner.RemoteTestRunner.runTests(RemoteTestRunner.java:760)
	at org.eclipse.jdt.internal.junit.runner.RemoteTestRunner.run(RemoteTestRunner.java:460)
	at org.eclipse.jdt.internal.junit.runner.RemoteTestRunner.main(RemoteTestRunner.java:206)
</pre></td>
</tr>
</tbody>
</table>
</div>
</div> 
</li>
</ul>
</div>
</div>
</div>
</div>
<div id='exception-details-wrapper' class='col _addedCell2'>
<div class='contents'>
<div class='card-panel details-view'>
<h5 class='exception-name'></h5>
<div class='exception-container'>
</div>
</div>
</div>
</div>
</div>
<!-- /exceptions -->

<!-- testrunner logs -->
<!-- /testrunner logs -->

</div>
<!-- /container -->

<!-- test dashboard counts setting -->
<div id='test-count-setting' class='modal bottom-sheet'> 
<div class='modal-content'> 
<h5>Configure Tests Count Setting</h5> 
<input name='test-count-setting' type='radio' id='parentWithoutNodes' class='with-gap'> 
<label for='parentWithoutNodes'>Parent Tests Only (Does not include child nodes in counts)</label> 
<br> 
<input name='test-count-setting' type='radio' id='parentWithoutNodesAndNodes' class='with-gap'> 
<label for='parentWithoutNodesAndNodes'>Parent Tests Without Child Tests + Child Tests</label> 
<br> 
<input name='test-count-setting' type='radio' id='childNodes' class='with-gap'> 
<label for='childNodes'>Child Tests Only</label> 
</div> 
<div class='modal-footer'> 
<a href='#!' class='modal-action modal-close waves-effect waves-green btn'>Save</a> 
</div> 
</div>
<!-- /test dashboard counts setting -->

<!-- filter for step status -->
<div id='step-status-filter' class='modal bottom-sheet'> 
<div class='modal-content'> 
<h5>Select status</h5> 
<input checked class='filled-in' type='checkbox' id='step-dashboard-filter-pass'> 
<label for='step-dashboard-filter-pass'>Pass</label> 
<br> 
<input checked class='filled-in' type='checkbox' id='step-dashboard-filter-fail'> 
<label for='step-dashboard-filter-fail'>Fail</label> 
<br> 
<input checked class='filled-in' type='checkbox' id='step-dashboard-filter-fatal'> 
<label for='step-dashboard-filter-fatal'>Fatal</label> 
<br> 
<input checked class='filled-in' type='checkbox' id='step-dashboard-filter-error'> 
<label for='step-dashboard-filter-error'>Error</label> 
<br> 
<input checked class='filled-in' type='checkbox' id='step-dashboard-filter-warning'> 
<label for='step-dashboard-filter-warning'>Warning</label> 
<br> 
<input checked class='filled-in' type='checkbox' id='step-dashboard-filter-skip'> 
<label for='step-dashboard-filter-skip'>Skipped</label> 
<br> 
<input checked class='filled-in' type='checkbox' id='step-dashboard-filter-info'> 
<label for='step-dashboard-filter-info'>Info</label> 
<br> 
<input checked class='filled-in' type='checkbox' id='step-dashboard-filter-unknown'> 
<label for='step-dashboard-filter-unknown'>Unknown</label> 
</div>
<div class='modal-footer'> 
<a href='#!' class='modal-action modal-close waves-effect waves-green btn'>Save</a> 
</div> 
</div>
<!-- /filter for step status -->

<script src='https://cdn.rawgit.com/anshooarora/extentreports/051be9b627c84bde3591f7e6268e8b70e334a760/cdn/extent.js' type='text/javascript'></script>

<script>$(document).ready(function() { $('.logo span').html('ExtentReports'); });</script>
<script>

            
                $(document).ready(function() {
                    
                });
            
        
</script>
</body>
</html>
